#
# There is insufficient memory for the Java Runtime Environment to continue.
# Native memory allocation (malloc) failed to allocate 131088 bytes for Chunk::new
# Possible reasons:
#   The system is out of physical RAM or swap space
#   The process is running with CompressedOops enabled, and the Java Heap may be blocking the growth of the native heap
# Possible solutions:
#   Reduce memory load on the system
#   Increase physical memory or swap space
#   Check if swap backing store is full
#   Decrease Java heap size (-Xmx/-Xms)
#   Decrease number of Java threads
#   Decrease Java thread stack sizes (-Xss)
#   Set larger code cache with -XX:ReservedCodeCacheSize=
#   JVM is running with Unscaled Compressed Oops mode in which the Java heap is
#     placed in the first 4GB address space. The Java Heap base address is the
#     maximum limit for the native heap growth. Please use -XX:HeapBaseMinAddress
#     to set the Java Heap base and to place the Java Heap above 4GB virtual address.
# This output file may be truncated or incomplete.
#
#  Out of Memory Error (allocation.cpp:389), pid=17820, tid=0x000000000000553c
#
# JRE version: OpenJDK Runtime Environment (8.0_242-b01) (build 1.8.0_242-release-1644-b01)
# Java VM: OpenJDK 64-Bit Server VM (25.242-b01 mixed mode windows-amd64 compressed oops)
# Failed to write core dump. Minidumps are not enabled by default on client versions of Windows
#

---------------  T H R E A D  ---------------

Current thread (0x0000000019733800):  JavaThread "C2 CompilerThread0" daemon [_thread_in_native, id=21820, stack(0x000000001a000000,0x000000001a100000)]

Stack: [0x000000001a000000,0x000000001a100000]
[error occurred during error reporting (printing stack bounds), id 0xc0000005]

Native frames: (J=compiled Java code, j=interpreted, Vv=VM code, C=native code)


Current CompileTask:
C2:  10020 4234   !   4       sun.misc.Resource::getBytes (242 bytes)


---------------  P R O C E S S  ---------------

Java Threads: ( => current thread )
  0x000000001b055800 JavaThread "Cache worker for Build Output Cleanup Cache (E:\Github\jose\cst8334-21w-330-team-1\.gradle\buildOutputCleanup)" [_thread_blocked, id=15896, stack(0x0000000029c00000,0x0000000029d00000)]
  0x000000001b05c800 JavaThread "jar transforms Thread 94" [_thread_blocked, id=25356, stack(0x00000000295a0000,0x00000000296a0000)]
  0x00000000214ee800 JavaThread "jar transforms Thread 93" [_thread_blocked, id=21192, stack(0x00000000294a0000,0x00000000295a0000)]
  0x00000000214ef800 JavaThread "jar transforms Thread 92" [_thread_blocked, id=25692, stack(0x00000000293a0000,0x00000000294a0000)]
  0x00000000214f4000 JavaThread "jar transforms Thread 91" [_thread_blocked, id=17632, stack(0x00000000292a0000,0x00000000293a0000)]
  0x00000000214f3000 JavaThread "jar transforms Thread 90" [_thread_blocked, id=19332, stack(0x00000000291a0000,0x00000000292a0000)]
  0x00000000214f2800 JavaThread "jar transforms Thread 89" [_thread_blocked, id=8064, stack(0x00000000290a0000,0x00000000291a0000)]
  0x00000000214ee000 JavaThread "jar transforms Thread 88" [_thread_blocked, id=24952, stack(0x0000000028fa0000,0x00000000290a0000)]
  0x00000000214f0000 JavaThread "jar transforms Thread 87" [_thread_blocked, id=25276, stack(0x0000000028ea0000,0x0000000028fa0000)]
  0x00000000214f1000 JavaThread "jar transforms Thread 86" [_thread_blocked, id=18112, stack(0x0000000028da0000,0x0000000028ea0000)]
  0x00000000214f1800 JavaThread "jar transforms Thread 85" [_thread_blocked, id=1540, stack(0x0000000028ca0000,0x0000000028da0000)]
  0x00000000214e6800 JavaThread "jar transforms Thread 84" [_thread_blocked, id=16548, stack(0x0000000028ba0000,0x0000000028ca0000)]
  0x00000000214ed000 JavaThread "jar transforms Thread 83" [_thread_blocked, id=17236, stack(0x0000000028aa0000,0x0000000028ba0000)]
  0x00000000214ec800 JavaThread "jar transforms Thread 82" [_thread_blocked, id=20392, stack(0x00000000289a0000,0x0000000028aa0000)]
  0x00000000214eb800 JavaThread "jar transforms Thread 81" [_thread_blocked, id=17968, stack(0x00000000288a0000,0x00000000289a0000)]
  0x00000000214eb000 JavaThread "jar transforms Thread 80" [_thread_blocked, id=10484, stack(0x00000000287a0000,0x00000000288a0000)]
  0x00000000214ea000 JavaThread "jar transforms Thread 79" [_thread_blocked, id=26296, stack(0x00000000286a0000,0x00000000287a0000)]
  0x00000000214e9800 JavaThread "jar transforms Thread 78" [_thread_blocked, id=20624, stack(0x00000000285a0000,0x00000000286a0000)]
  0x00000000214e8000 JavaThread "jar transforms Thread 77" [_thread_blocked, id=11312, stack(0x00000000284a0000,0x00000000285a0000)]
  0x00000000214e5000 JavaThread "jar transforms Thread 76" [_thread_blocked, id=24784, stack(0x00000000283a0000,0x00000000284a0000)]
  0x00000000214e5800 JavaThread "jar transforms Thread 75" [_thread_blocked, id=11712, stack(0x00000000282a0000,0x00000000283a0000)]
  0x00000000214e7000 JavaThread "jar transforms Thread 74" [_thread_blocked, id=19136, stack(0x00000000281a0000,0x00000000282a0000)]
  0x00000000214e8800 JavaThread "jar transforms Thread 73" [_thread_blocked, id=25192, stack(0x00000000280a0000,0x00000000281a0000)]
  0x000000001b72a800 JavaThread "jar transforms Thread 72" [_thread_blocked, id=13864, stack(0x0000000027fa0000,0x00000000280a0000)]
  0x000000001b729800 JavaThread "jar transforms Thread 71" [_thread_blocked, id=19316, stack(0x0000000027ea0000,0x0000000027fa0000)]
  0x000000001b730800 JavaThread "jar transforms Thread 70" [_thread_blocked, id=11716, stack(0x0000000027da0000,0x0000000027ea0000)]
  0x000000001b72f800 JavaThread "jar transforms Thread 69" [_thread_blocked, id=17828, stack(0x0000000027ca0000,0x0000000027da0000)]
  0x000000001b72b000 JavaThread "jar transforms Thread 68" [_thread_blocked, id=20532, stack(0x0000000027ba0000,0x0000000027ca0000)]
  0x000000001b72f000 JavaThread "jar transforms Thread 67" [_thread_blocked, id=21708, stack(0x0000000027aa0000,0x0000000027ba0000)]
  0x000000001b729000 JavaThread "jar transforms Thread 66" [_thread_blocked, id=25116, stack(0x00000000279a0000,0x0000000027aa0000)]
  0x000000001b72d800 JavaThread "jar transforms Thread 65" [_thread_blocked, id=20628, stack(0x00000000278a0000,0x00000000279a0000)]
  0x000000001b72c800 JavaThread "jar transforms Thread 64" [_thread_blocked, id=25712, stack(0x00000000277a0000,0x00000000278a0000)]
  0x000000001b72c000 JavaThread "jar transforms Thread 63" [_thread_blocked, id=18724, stack(0x00000000276a0000,0x00000000277a0000)]
  0x000000001b72e000 JavaThread "jar transforms Thread 62" [_thread_blocked, id=26108, stack(0x00000000275a0000,0x00000000276a0000)]
  0x000000001b721800 JavaThread "jar transforms Thread 61" [_thread_blocked, id=15468, stack(0x00000000274a0000,0x00000000275a0000)]
  0x000000001b728000 JavaThread "jar transforms Thread 60" [_thread_blocked, id=26576, stack(0x00000000273a0000,0x00000000274a0000)]
  0x000000001b725000 JavaThread "jar transforms Thread 59" [_thread_blocked, id=4012, stack(0x00000000272a0000,0x00000000273a0000)]
  0x000000001b723000 JavaThread "jar transforms Thread 58" [_thread_blocked, id=3820, stack(0x00000000271a0000,0x00000000272a0000)]
  0x000000001b724800 JavaThread "jar transforms Thread 57" [_thread_blocked, id=17900, stack(0x00000000270a0000,0x00000000271a0000)]
  0x000000001b722000 JavaThread "jar transforms Thread 56" [_thread_blocked, id=1912, stack(0x0000000026fa0000,0x00000000270a0000)]
  0x000000001b727800 JavaThread "jar transforms Thread 55" [_thread_blocked, id=13308, stack(0x0000000026ea0000,0x0000000026fa0000)]
  0x000000001b726800 JavaThread "jar transforms Thread 54" [_thread_blocked, id=21604, stack(0x0000000026da0000,0x0000000026ea0000)]
  0x000000001b723800 JavaThread "jar transforms Thread 53" [_thread_blocked, id=17884, stack(0x0000000026ca0000,0x0000000026da0000)]
  0x000000001b726000 JavaThread "jar transforms Thread 52" [_thread_blocked, id=18448, stack(0x0000000026ba0000,0x0000000026ca0000)]
  0x000000001ae0f800 JavaThread "jar transforms Thread 51" [_thread_blocked, id=14272, stack(0x0000000026aa0000,0x0000000026ba0000)]
  0x000000001ae08000 JavaThread "jar transforms Thread 50" [_thread_blocked, id=22128, stack(0x00000000269a0000,0x0000000026aa0000)]
  0x000000001ae0e800 JavaThread "jar transforms Thread 49" [_thread_blocked, id=13696, stack(0x00000000268a0000,0x00000000269a0000)]
  0x000000001ae0e000 JavaThread "jar transforms Thread 48" [_thread_blocked, id=15796, stack(0x00000000267a0000,0x00000000268a0000)]
  0x000000001ae0d000 JavaThread "jar transforms Thread 47" [_thread_blocked, id=23248, stack(0x00000000266a0000,0x00000000267a0000)]
  0x000000001ae0a000 JavaThread "jar transforms Thread 46" [_thread_blocked, id=23112, stack(0x00000000265a0000,0x00000000266a0000)]
  0x000000001ae09800 JavaThread "jar transforms Thread 45" [_thread_blocked, id=26244, stack(0x00000000264a0000,0x00000000265a0000)]
  0x000000001ae08800 JavaThread "jar transforms Thread 44" [_thread_blocked, id=25508, stack(0x00000000263a0000,0x00000000264a0000)]
  0x000000001ae0b000 JavaThread "jar transforms Thread 43" [_thread_blocked, id=2492, stack(0x00000000262a0000,0x00000000263a0000)]
  0x000000001ae0c800 JavaThread "jar transforms Thread 42" [_thread_blocked, id=9328, stack(0x00000000261a0000,0x00000000262a0000)]
  0x000000001ae0b800 JavaThread "jar transforms Thread 41" [_thread_blocked, id=18200, stack(0x00000000260a0000,0x00000000261a0000)]
  0x000000001ae00800 JavaThread "jar transforms Thread 40" [_thread_blocked, id=5136, stack(0x0000000025fa0000,0x00000000260a0000)]
  0x000000001ae06800 JavaThread "jar transforms Thread 39" [_thread_blocked, id=18760, stack(0x0000000025ea0000,0x0000000025fa0000)]
  0x000000001ae05800 JavaThread "jar transforms Thread 38" [_thread_blocked, id=24092, stack(0x0000000025da0000,0x0000000025ea0000)]
  0x000000001ae07000 JavaThread "jar transforms Thread 37" [_thread_blocked, id=21052, stack(0x0000000025ca0000,0x0000000025da0000)]
  0x000000001ae02800 JavaThread "jar transforms Thread 36" [_thread_blocked, id=10264, stack(0x0000000025ba0000,0x0000000025ca0000)]
  0x000000001ae05000 JavaThread "jar transforms Thread 35" [_thread_blocked, id=10604, stack(0x0000000025aa0000,0x0000000025ba0000)]
  0x000000001ae02000 JavaThread "jar transforms Thread 34" [_thread_blocked, id=25904, stack(0x00000000259a0000,0x0000000025aa0000)]
  0x000000001ae01000 JavaThread "jar transforms Thread 33" [_thread_blocked, id=26436, stack(0x00000000258a0000,0x00000000259a0000)]
  0x000000001ae04000 JavaThread "jar transforms Thread 32" [_thread_blocked, id=18284, stack(0x00000000257a0000,0x00000000258a0000)]
  0x000000001ae03800 JavaThread "jar transforms Thread 31" [_thread_blocked, id=23088, stack(0x00000000256a0000,0x00000000257a0000)]
  0x000000001ef09000 JavaThread "jar transforms Thread 30" [_thread_blocked, id=26200, stack(0x00000000255a0000,0x00000000256a0000)]
  0x000000001ef0c800 JavaThread "jar transforms Thread 29" [_thread_blocked, id=26096, stack(0x00000000254a0000,0x00000000255a0000)]
  0x000000001ef0a000 JavaThread "jar transforms Thread 28" [_thread_blocked, id=13324, stack(0x00000000253a0000,0x00000000254a0000)]
  0x000000001ef07800 JavaThread "jar transforms Thread 27" [_thread_blocked, id=23360, stack(0x00000000252a0000,0x00000000253a0000)]
  0x000000001ef08800 JavaThread "jar transforms Thread 26" [_thread_blocked, id=1292, stack(0x00000000251a0000,0x00000000252a0000)]
  0x000000001ef04800 JavaThread "jar transforms Thread 25" [_thread_blocked, id=10056, stack(0x00000000250a0000,0x00000000251a0000)]
  0x000000001ef05800 JavaThread "jar transforms Thread 24" [_thread_blocked, id=26196, stack(0x0000000024fa0000,0x00000000250a0000)]
  0x000000001ef07000 JavaThread "jar transforms Thread 23" [_thread_blocked, id=1632, stack(0x0000000024ea0000,0x0000000024fa0000)]
  0x000000001ef0b000 JavaThread "jar transforms Thread 22" [_thread_blocked, id=11368, stack(0x0000000024da0000,0x0000000024ea0000)]
  0x000000001ef06000 JavaThread "jar transforms Thread 21" [_thread_blocked, id=10608, stack(0x0000000024ca0000,0x0000000024da0000)]
  0x000000001ef0b800 JavaThread "jar transforms Thread 20" [_thread_blocked, id=15652, stack(0x0000000024ba0000,0x0000000024ca0000)]
  0x000000001eefd000 JavaThread "jar transforms Thread 19" [_thread_blocked, id=24888, stack(0x0000000024aa0000,0x0000000024ba0000)]
  0x000000001ef04000 JavaThread "jar transforms Thread 18" [_thread_blocked, id=15388, stack(0x00000000249a0000,0x0000000024aa0000)]
  0x000000001ef02800 JavaThread "jar transforms Thread 17" [_thread_blocked, id=6624, stack(0x00000000248a0000,0x00000000249a0000)]
  0x000000001ef00000 JavaThread "jar transforms Thread 16" [_thread_blocked, id=1872, stack(0x00000000247a0000,0x00000000248a0000)]
  0x000000001eefe000 JavaThread "jar transforms Thread 15" [_thread_blocked, id=22228, stack(0x00000000246a0000,0x00000000247a0000)]
  0x000000001ef01800 JavaThread "jar transforms Thread 14" [_thread_blocked, id=21188, stack(0x00000000245a0000,0x00000000246a0000)]
  0x000000001eeff800 JavaThread "jar transforms Thread 13" [_thread_blocked, id=2104, stack(0x00000000244a0000,0x00000000245a0000)]
  0x000000001ef01000 JavaThread "jar transforms Thread 12" [_thread_blocked, id=13708, stack(0x00000000243a0000,0x00000000244a0000)]
  0x000000001ef03000 JavaThread "jar transforms Thread 11" [_thread_blocked, id=21680, stack(0x00000000242a0000,0x00000000243a0000)]
  0x000000001eefe800 JavaThread "jar transforms Thread 10" [_thread_blocked, id=8432, stack(0x00000000241a0000,0x00000000242a0000)]
  0x000000001cbe7800 JavaThread "jar transforms Thread 9" [_thread_blocked, id=7812, stack(0x00000000240a0000,0x00000000241a0000)]
  0x000000001cbe6800 JavaThread "jar transforms Thread 8" [_thread_blocked, id=23256, stack(0x0000000023fa0000,0x00000000240a0000)]
  0x000000001cbe6000 JavaThread "jar transforms Thread 7" [_thread_blocked, id=4856, stack(0x0000000023ea0000,0x0000000023fa0000)]
  0x000000001cbde800 JavaThread "jar transforms Thread 6" [_thread_blocked, id=10744, stack(0x0000000023da0000,0x0000000023ea0000)]
  0x000000001cbe5000 JavaThread "jar transforms Thread 5" [_thread_blocked, id=19740, stack(0x0000000023ca0000,0x0000000023da0000)]
  0x000000001cbe2000 JavaThread "jar transforms Thread 4" [_thread_blocked, id=21792, stack(0x0000000023390000,0x0000000023490000)]
  0x000000001cbe3000 JavaThread "jar transforms Thread 3" [_thread_blocked, id=10760, stack(0x0000000023290000,0x0000000023390000)]
  0x000000001cbe1800 JavaThread "jar transforms Thread 2" [_thread_blocked, id=23372, stack(0x0000000022f10000,0x0000000023010000)]
  0x000000001cbe0800 JavaThread "Build operations Thread 8" [_thread_blocked, id=11656, stack(0x0000000023ba0000,0x0000000023ca0000)]
  0x000000001cbe4800 JavaThread "Build operations Thread 7" [_thread_blocked, id=7936, stack(0x0000000023aa0000,0x0000000023ba0000)]
  0x000000001cbe0000 JavaThread "Build operations Thread 6" [_thread_blocked, id=2380, stack(0x00000000239a0000,0x0000000023aa0000)]
  0x000000001cbdf000 JavaThread "Build operations Thread 5" [_thread_blocked, id=22092, stack(0x00000000238a0000,0x00000000239a0000)]
  0x000000001cbe3800 JavaThread "Build operations Thread 4" [_thread_blocked, id=24640, stack(0x00000000237a0000,0x00000000238a0000)]
  0x000000001cbd8800 JavaThread "Build operations Thread 3" [_thread_blocked, id=5624, stack(0x00000000236a0000,0x00000000237a0000)]
  0x000000001cbdd800 JavaThread "Build operations Thread 2" [_thread_blocked, id=6620, stack(0x00000000235a0000,0x00000000236a0000)]
  0x000000001cbda800 JavaThread "Build operations" [_thread_blocked, id=19924, stack(0x00000000234a0000,0x00000000235a0000)]
  0x000000001c080000 JavaThread "Cache worker for file content cache (C:\Users\Rohan\.gradle\caches\6.5\fileContent)" [_thread_blocked, id=10208, stack(0x0000000022a10000,0x0000000022b10000)]
  0x000000001c07f800 JavaThread "jar transforms" [_thread_blocked, id=24768, stack(0x0000000022910000,0x0000000022a10000)]
  0x000000001c07d000 JavaThread "Cache worker for execution history cache (C:\Users\Rohan\.gradle\caches\6.5\executionHistory)" [_thread_blocked, id=12340, stack(0x0000000022210000,0x0000000022310000)]
  0x000000001c083000 JavaThread "Cache worker for cache directory md-rule (C:\Users\Rohan\.gradle\caches\6.5\md-rule)" [_thread_blocked, id=14508, stack(0x0000000022110000,0x0000000022210000)]
  0x000000001c081000 JavaThread "Cache worker for cache directory md-supplier (C:\Users\Rohan\.gradle\caches\6.5\md-supplier)" [_thread_blocked, id=14156, stack(0x0000000022010000,0x0000000022110000)]
  0x000000001c07e800 JavaThread "Cache worker for checksums cache (E:\Github\jose\cst8334-21w-330-team-1\.gradle\checksums)" [_thread_blocked, id=16444, stack(0x0000000020cc0000,0x0000000020dc0000)]
  0x000000001c084000 JavaThread "Cache worker for file hash cache (E:\Github\jose\cst8334-21w-330-team-1\.gradle\6.5\fileHashes)" [_thread_blocked, id=16860, stack(0x00000000209c0000,0x0000000020ac0000)]
  0x000000001c082800 JavaThread "Cache worker for file hash cache (C:\Users\Rohan\.gradle\caches\6.5\fileHashes)" [_thread_blocked, id=24928, stack(0x000000001e720000,0x000000001e820000)]
  0x000000001c07e000 JavaThread "File lock request listener" [_thread_in_native, id=5544, stack(0x000000001e620000,0x000000001e720000)]
  0x000000001c500000 JavaThread "Cache worker for journal cache (C:\Users\Rohan\.gradle\caches\journal-1)" [_thread_blocked, id=1124, stack(0x000000001e520000,0x000000001e620000)]
  0x000000001c1ad000 JavaThread "Thread-9" [_thread_blocked, id=21276, stack(0x000000001e220000,0x000000001e320000)]
  0x000000001c1aa800 JavaThread "Stdin handler" [_thread_blocked, id=17264, stack(0x000000001e120000,0x000000001e220000)]
  0x000000001c1a3000 JavaThread "Asynchronous log dispatcher for DefaultDaemonConnection: socket connection from /127.0.0.1:61115 to /127.0.0.1:61116" [_thread_blocked, id=20104, stack(0x000000001e020000,0x000000001e120000)]
  0x000000001c1b4800 JavaThread "Daemon worker" [_thread_in_Java, id=8492, stack(0x000000001df20000,0x000000001e020000)]
  0x000000001c1b2000 JavaThread "Cancel handler" [_thread_blocked, id=24688, stack(0x000000001dd20000,0x000000001de20000)]
  0x000000001c187000 JavaThread "Handler for socket connection from /127.0.0.1:61115 to /127.0.0.1:61116" [_thread_in_native, id=3260, stack(0x000000001da20000,0x000000001db20000)]
  0x000000001c183800 JavaThread "Daemon" [_thread_blocked, id=1752, stack(0x000000001d920000,0x000000001da20000)]
  0x000000001c0f6000 JavaThread "Daemon periodic checks" [_thread_blocked, id=25768, stack(0x000000001d820000,0x000000001d920000)]
  0x000000001c102000 JavaThread "Incoming local TCP Connector on port 61115" [_thread_in_native, id=20636, stack(0x000000001d5e0000,0x000000001d6e0000)]
  0x000000001c0e2800 JavaThread "Daemon health stats" [_thread_blocked, id=1496, stack(0x000000001cfa0000,0x000000001d0a0000)]
  0x00000000197d1800 JavaThread "Service Thread" daemon [_thread_blocked, id=23624, stack(0x000000001a400000,0x000000001a500000)]
  0x0000000019755800 JavaThread "C1 CompilerThread3" daemon [_thread_blocked, id=4068, stack(0x000000001a300000,0x000000001a400000)]
  0x0000000019742800 JavaThread "C2 CompilerThread2" daemon [_thread_in_native, id=4636, stack(0x000000001a200000,0x000000001a300000)]
  0x0000000019739800 JavaThread "C2 CompilerThread1" daemon [_thread_in_native, id=10944, stack(0x000000001a100000,0x000000001a200000)]
=>0x0000000019733800 JavaThread "C2 CompilerThread0" daemon [_thread_in_native, id=21820, stack(0x000000001a000000,0x000000001a100000)]
  0x000000001972f800 JavaThread "Attach Listener" daemon [_thread_blocked, id=21164, stack(0x0000000019f00000,0x000000001a000000)]
  0x000000001972e000 JavaThread "Signal Dispatcher" daemon [_thread_blocked, id=84, stack(0x0000000019e00000,0x0000000019f00000)]
  0x00000000028be000 JavaThread "Finalizer" daemon [_thread_blocked, id=21836, stack(0x0000000019c00000,0x0000000019d00000)]
  0x0000000019720800 JavaThread "Reference Handler" daemon [_thread_blocked, id=25848, stack(0x0000000019b00000,0x0000000019c00000)]
  0x00000000027c2800 JavaThread "main" [_thread_blocked, id=8792, stack(0x00000000026c0000,0x00000000027c0000)]

Other Threads:
  0x0000000017928000 VMThread [stack: 0x0000000019600000,0x0000000019700000] [id=16864]
  0x00000000197d2000 WatcherThread [stack: 0x000000001a500000,0x000000001a600000] [id=25052]

VM state:not at safepoint (normal execution)

VM Mutex/Monitor currently owned by a thread: None

heap address: 0x0000000080000000, size: 2048 MB, Compressed Oops mode: 32-bit
Narrow klass base: 0x0000000000000000, Narrow klass shift: 3
Compressed class space size: 1073741824 Address: 0x0000000100000000

Heap:
 PSYoungGen      total 167424K, used 101731K [0x00000000d5580000, 0x00000000e0c80000, 0x0000000100000000)
  eden space 159232K, 58% used [0x00000000d5580000,0x00000000db0dcae8,0x00000000df100000)
  from space 8192K, 99% used [0x00000000e0480000,0x00000000e0c7c138,0x00000000e0c80000)
  to   space 11264K, 0% used [0x00000000df680000,0x00000000df680000,0x00000000e0180000)
 ParOldGen       total 139776K, used 14362K [0x0000000080000000, 0x0000000088880000, 0x00000000d5580000)
  object space 139776K, 10% used [0x0000000080000000,0x0000000080e06bc8,0x0000000088880000)
 Metaspace       used 46591K, capacity 48560K, committed 48680K, reserved 1091584K
  class space    used 6292K, capacity 6694K, committed 6696K, reserved 1048576K

Card table byte_map: [0x0000000011c80000,0x0000000012090000] byte_map_base: 0x0000000011880000

Marking Bits: (ParMarkBitMap*) 0x0000000069b2f030
 Begin Bits: [0x0000000012b40000, 0x0000000014b40000)
 End Bits:   [0x0000000014b40000, 0x0000000016b40000)

Polling page: 0x0000000000d50000

CodeCache: size=245760Kb used=13561Kb max_used=13576Kb free=232198Kb
 bounds [0x00000000028c0000, 0x0000000003610000, 0x00000000118c0000]
 total_blobs=4734 nmethods=3992 adapters=654
 compilation: enabled

Compilation events (10 events):
Event: 9.962 Thread 0x0000000019755800 nmethod 4269 0x00000000035e3410 code [0x00000000035e3580, 0x00000000035e3988]
Event: 9.974 Thread 0x0000000019755800 4270       3       org.gradle.internal.instantiation.generator.AbstractClassGenerator::inspectType (560 bytes)
Event: 9.978 Thread 0x0000000019755800 nmethod 4270 0x0000000003600090 code [0x0000000003600840, 0x0000000003605768]
Event: 9.992 Thread 0x0000000019755800 4271       3       sun.reflect.ByteVectorImpl::put (27 bytes)
Event: 9.993 Thread 0x0000000019755800 nmethod 4271 0x00000000035e2f50 code [0x00000000035e30c0, 0x00000000035e32e8]
Event: 9.993 Thread 0x0000000019742800 4272       4       org.objectweb.asm.MethodWriter::visitMethodInsn (191 bytes)
Event: 9.993 Thread 0x0000000019755800 4273       3       org.objectweb.asm.Frame::addInitializedType (77 bytes)
Event: 9.994 Thread 0x0000000019755800 nmethod 4273 0x00000000035e2750 code [0x00000000035e28e0, 0x00000000035e2da8]
Event: 9.996 Thread 0x0000000019755800 4274       3       java.util.regex.Pattern::has (15 bytes)
Event: 9.996 Thread 0x0000000019755800 nmethod 4274 0x00000000035e23d0 code [0x00000000035e2520, 0x00000000035e26d0]

GC Heap History (10 events):
Event: 4.788 GC heap before
{Heap before GC invocations=6 (full 1):
 PSYoungGen      total 76288K, used 65536K [0x00000000d5580000, 0x00000000dea80000, 0x0000000100000000)
  eden space 65536K, 100% used [0x00000000d5580000,0x00000000d9580000,0x00000000d9580000)
  from space 10752K, 0% used [0x00000000da000000,0x00000000da000000,0x00000000daa80000)
  to   space 10752K, 0% used [0x00000000d9580000,0x00000000d9580000,0x00000000da000000)
 ParOldGen       total 97280K, used 7072K [0x0000000080000000, 0x0000000085f00000, 0x00000000d5580000)
  object space 97280K, 7% used [0x0000000080000000,0x00000000806e8108,0x0000000085f00000)
 Metaspace       used 28837K, capacity 29656K, committed 29872K, reserved 1075200K
  class space    used 3980K, capacity 4220K, committed 4272K, reserved 1048576K
Event: 4.794 GC heap after
Heap after GC invocations=6 (full 1):
 PSYoungGen      total 76288K, used 8569K [0x00000000d5580000, 0x00000000dd380000, 0x0000000100000000)
  eden space 65536K, 0% used [0x00000000d5580000,0x00000000d5580000,0x00000000d9580000)
  from space 10752K, 79% used [0x00000000d9580000,0x00000000d9dde748,0x00000000da000000)
  to   space 12288K, 0% used [0x00000000dc780000,0x00000000dc780000,0x00000000dd380000)
 ParOldGen       total 97280K, used 7080K [0x0000000080000000, 0x0000000085f00000, 0x00000000d5580000)
  object space 97280K, 7% used [0x0000000080000000,0x00000000806ea108,0x0000000085f00000)
 Metaspace       used 28837K, capacity 29656K, committed 29872K, reserved 1075200K
  class space    used 3980K, capacity 4220K, committed 4272K, reserved 1048576K
}
Event: 6.737 GC heap before
{Heap before GC invocations=7 (full 1):
 PSYoungGen      total 76288K, used 74105K [0x00000000d5580000, 0x00000000dd380000, 0x0000000100000000)
  eden space 65536K, 100% used [0x00000000d5580000,0x00000000d9580000,0x00000000d9580000)
  from space 10752K, 79% used [0x00000000d9580000,0x00000000d9dde748,0x00000000da000000)
  to   space 12288K, 0% used [0x00000000dc780000,0x00000000dc780000,0x00000000dd380000)
 ParOldGen       total 97280K, used 7080K [0x0000000080000000, 0x0000000085f00000, 0x00000000d5580000)
  object space 97280K, 7% used [0x0000000080000000,0x00000000806ea108,0x0000000085f00000)
 Metaspace       used 33121K, capacity 34230K, committed 34608K, reserved 1079296K
  class space    used 4507K, capacity 4790K, committed 4912K, reserved 1048576K
Event: 6.750 GC heap after
Heap after GC invocations=7 (full 1):
 PSYoungGen      total 111616K, used 9314K [0x00000000d5580000, 0x00000000dd100000, 0x0000000100000000)
  eden space 101888K, 0% used [0x00000000d5580000,0x00000000d5580000,0x00000000db900000)
  from space 9728K, 95% used [0x00000000dc780000,0x00000000dd098858,0x00000000dd100000)
  to   space 12288K, 0% used [0x00000000db900000,0x00000000db900000,0x00000000dc500000)
 ParOldGen       total 97280K, used 7088K [0x0000000080000000, 0x0000000085f00000, 0x00000000d5580000)
  object space 97280K, 7% used [0x0000000080000000,0x00000000806ec108,0x0000000085f00000)
 Metaspace       used 33121K, capacity 34230K, committed 34608K, reserved 1079296K
  class space    used 4507K, capacity 4790K, committed 4912K, reserved 1048576K
}
Event: 7.028 GC heap before
{Heap before GC invocations=8 (full 1):
 PSYoungGen      total 111616K, used 35211K [0x00000000d5580000, 0x00000000dd100000, 0x0000000100000000)
  eden space 101888K, 25% used [0x00000000d5580000,0x00000000d6eca440,0x00000000db900000)
  from space 9728K, 95% used [0x00000000dc780000,0x00000000dd098858,0x00000000dd100000)
  to   space 12288K, 0% used [0x00000000db900000,0x00000000db900000,0x00000000dc500000)
 ParOldGen       total 97280K, used 7088K [0x0000000080000000, 0x0000000085f00000, 0x00000000d5580000)
  object space 97280K, 7% used [0x0000000080000000,0x00000000806ec108,0x0000000085f00000)
 Metaspace       used 34339K, capacity 35464K, committed 35496K, reserved 1079296K
  class space    used 4714K, capacity 5001K, committed 5032K, reserved 1048576K
Event: 7.040 GC heap after
Heap after GC invocations=8 (full 1):
 PSYoungGen      total 114176K, used 7987K [0x00000000d5580000, 0x00000000e1000000, 0x0000000100000000)
  eden space 101888K, 0% used [0x00000000d5580000,0x00000000d5580000,0x00000000db900000)
  from space 12288K, 65% used [0x00000000db900000,0x00000000dc0ccdd8,0x00000000dc500000)
  to   space 11776K, 0% used [0x00000000e0480000,0x00000000e0480000,0x00000000e1000000)
 ParOldGen       total 97280K, used 7096K [0x0000000080000000, 0x0000000085f00000, 0x00000000d5580000)
  object space 97280K, 7% used [0x0000000080000000,0x00000000806ee108,0x0000000085f00000)
 Metaspace       used 34339K, capacity 35464K, committed 35496K, reserved 1079296K
  class space    used 4714K, capacity 5001K, committed 5032K, reserved 1048576K
}
Event: 7.040 GC heap before
{Heap before GC invocations=9 (full 2):
 PSYoungGen      total 114176K, used 7987K [0x00000000d5580000, 0x00000000e1000000, 0x0000000100000000)
  eden space 101888K, 0% used [0x00000000d5580000,0x00000000d5580000,0x00000000db900000)
  from space 12288K, 65% used [0x00000000db900000,0x00000000dc0ccdd8,0x00000000dc500000)
  to   space 11776K, 0% used [0x00000000e0480000,0x00000000e0480000,0x00000000e1000000)
 ParOldGen       total 97280K, used 7096K [0x0000000080000000, 0x0000000085f00000, 0x00000000d5580000)
  object space 97280K, 7% used [0x0000000080000000,0x00000000806ee108,0x0000000085f00000)
 Metaspace       used 34339K, capacity 35464K, committed 35496K, reserved 1079296K
  class space    used 4714K, capacity 5001K, committed 5032K, reserved 1048576K
Event: 7.095 GC heap after
Heap after GC invocations=9 (full 2):
 PSYoungGen      total 114176K, used 0K [0x00000000d5580000, 0x00000000e1000000, 0x0000000100000000)
  eden space 101888K, 0% used [0x00000000d5580000,0x00000000d5580000,0x00000000db900000)
  from space 12288K, 0% used [0x00000000db900000,0x00000000db900000,0x00000000dc500000)
  to   space 11776K, 0% used [0x00000000e0480000,0x00000000e0480000,0x00000000e1000000)
 ParOldGen       total 139776K, used 14354K [0x0000000080000000, 0x0000000088880000, 0x00000000d5580000)
  object space 139776K, 10% used [0x0000000080000000,0x0000000080e04bc8,0x0000000088880000)
 Metaspace       used 34339K, capacity 35464K, committed 35496K, reserved 1079296K
  class space    used 4714K, capacity 5001K, committed 5032K, reserved 1048576K
}
Event: 8.248 GC heap before
{Heap before GC invocations=10 (full 2):
 PSYoungGen      total 114176K, used 101888K [0x00000000d5580000, 0x00000000e1000000, 0x0000000100000000)
  eden space 101888K, 100% used [0x00000000d5580000,0x00000000db900000,0x00000000db900000)
  from space 12288K, 0% used [0x00000000db900000,0x00000000db900000,0x00000000dc500000)
  to   space 11776K, 0% used [0x00000000e0480000,0x00000000e0480000,0x00000000e1000000)
 ParOldGen       total 139776K, used 14354K [0x0000000080000000, 0x0000000088880000, 0x00000000d5580000)
  object space 139776K, 10% used [0x0000000080000000,0x0000000080e04bc8,0x0000000088880000)
 Metaspace       used 37103K, capacity 38754K, committed 39080K, reserved 1083392K
  class space    used 5101K, capacity 5458K, committed 5544K, reserved 1048576K
Event: 8.255 GC heap after
Heap after GC invocations=10 (full 2):
 PSYoungGen      total 167424K, used 8176K [0x00000000d5580000, 0x00000000e0c80000, 0x0000000100000000)
  eden space 159232K, 0% used [0x00000000d5580000,0x00000000d5580000,0x00000000df100000)
  from space 8192K, 99% used [0x00000000e0480000,0x00000000e0c7c138,0x00000000e0c80000)
  to   space 11264K, 0% used [0x00000000df680000,0x00000000df680000,0x00000000e0180000)
 ParOldGen       total 139776K, used 14362K [0x0000000080000000, 0x0000000088880000, 0x00000000d5580000)
  object space 139776K, 10% used [0x0000000080000000,0x0000000080e06bc8,0x0000000088880000)
 Metaspace       used 37103K, capacity 38754K, committed 39080K, reserved 1083392K
  class space    used 5101K, capacity 5458K, committed 5544K, reserved 1048576K
}

Deoptimization events (10 events):
Event: 9.672 Thread 0x000000001c1b4800 Uncommon trap: reason=unstable_if action=reinterpret pc=0x00000000033fd9ec method=java.util.jar.JarFile.maybeInstantiateVerifier()V @ 4
Event: 9.674 Thread 0x000000001c1b4800 Uncommon trap: reason=predicate action=maybe_recompile pc=0x00000000032f8334 method=sun.misc.Resource.getBytes()[B @ 53
Event: 9.674 Thread 0x000000001c1b4800 Uncommon trap: reason=unstable_if action=reinterpret pc=0x00000000033f87d4 method=java.util.jar.JarFile.maybeInstantiateVerifier()V @ 4
Event: 9.674 Thread 0x000000001c1b4800 Uncommon trap: reason=unstable_if action=reinterpret pc=0x00000000032f39b0 method=java.security.CodeSource.<init>(Ljava/net/URL;[Ljava/security/CodeSigner;)V @ 25
Event: 9.676 Thread 0x000000001c1b4800 Uncommon trap: reason=unstable_if action=reinterpret pc=0x0000000002e4252c method=java.security.CodeSource.getCertificates()[Ljava/security/cert/Certificate; @ 22
Event: 9.676 Thread 0x000000001c1b4800 Uncommon trap: reason=unstable_if action=reinterpret pc=0x0000000002dca130 method=java.util.jar.JarFile.maybeInstantiateVerifier()V @ 4
Event: 9.676 Thread 0x000000001c1b4800 Uncommon trap: reason=unstable_if action=reinterpret pc=0x00000000032f2c28 method=java.util.jar.JarFile.maybeInstantiateVerifier()V @ 4
Event: 9.677 Thread 0x000000001c1b4800 Uncommon trap: reason=unstable_if action=reinterpret pc=0x000000000332cbb4 method=java.security.CodeSource.matchCerts(Ljava/security/CodeSource;Z)Z @ 11
Event: 9.700 Thread 0x000000001c1b4800 Uncommon trap: reason=unstable_if action=reinterpret pc=0x00000000031f79f0 method=java.util.LinkedHashMap.get(Ljava/lang/Object;)Ljava/lang/Object; @ 20
Event: 9.754 Thread 0x000000001c1b4800 Uncommon trap: reason=unstable_if action=reinterpret pc=0x00000000033123bc method=java.security.CodeSource.matchCerts(Ljava/security/CodeSource;Z)Z @ 11

Classes redefined (0 events):
No events

Internal exceptions (10 events):
Event: 8.256 Thread 0x000000001c1ad000 Exception <a 'java/lang/NoSuchMethodError': <clinit>> (0x00000000d5580f40) thrown at [C:\src\AOSP-openjdk-git\hotspot\src\share\vm\prims\jni.cpp, line 1615]
Event: 8.257 Thread 0x000000001c1ad000 Exception <a 'java/lang/NoSuchMethodError': <clinit>> (0x00000000d558c030) thrown at [C:\src\AOSP-openjdk-git\hotspot\src\share\vm\prims\jni.cpp, line 1615]
Event: 8.259 Thread 0x000000001c1ad000 Exception <a 'java/lang/NoSuchMethodError': <clinit>> (0x00000000d559f400) thrown at [C:\src\AOSP-openjdk-git\hotspot\src\share\vm\prims\jni.cpp, line 1615]
Event: 8.273 Thread 0x000000001c1b4800 Exception <a 'java/lang/ClassNotFoundException': build_59z5vxgwerm6njtr1qtsf51iiBeanInfo> (0x00000000d56647b8) thrown at [C:\src\AOSP-openjdk-git\hotspot\src\share\vm\classfile\systemDictionary.cpp, line 210]
Event: 8.273 Thread 0x000000001c1b4800 Exception <a 'java/lang/ClassNotFoundException': build_59z5vxgwerm6njtr1qtsf51iiCustomizer> (0x00000000d56703f8) thrown at [C:\src\AOSP-openjdk-git\hotspot\src\share\vm\classfile\systemDictionary.cpp, line 210]
Event: 8.280 Thread 0x000000001c1b4800 Exception <a 'java/lang/ClassNotFoundException': org/gradle/plugin/use/internal/PluginRequestCollector$PluginDependenciesSpecImplBeanInfo> (0x00000000d5710180) thrown at [C:\src\AOSP-openjdk-git\hotspot\src\share\vm\classfile\systemDictionary.cpp, line 21
Event: 8.281 Thread 0x000000001c1b4800 Exception <a 'java/lang/ClassNotFoundException': org/gradle/plugin/use/internal/PluginRequestCollector$PluginDependenciesSpecImplCustomizer> (0x00000000d57500c0) thrown at [C:\src\AOSP-openjdk-git\hotspot\src\share\vm\classfile\systemDictionary.cpp, line 
Event: 8.318 Thread 0x000000001c1b4800 Exception <a 'java/lang/ClassNotFoundException': org/gradle/api/internal/plugins/DefaultObjectConfigurationActionBeanInfo> (0x00000000d5b58830) thrown at [C:\src\AOSP-openjdk-git\hotspot\src\share\vm\classfile\systemDictionary.cpp, line 210]
Event: 8.319 Thread 0x000000001c1b4800 Exception <a 'java/lang/ClassNotFoundException': org/gradle/api/internal/plugins/DefaultObjectConfigurationActionCustomizer> (0x00000000d5b9cfb0) thrown at [C:\src\AOSP-openjdk-git\hotspot\src\share\vm\classfile\systemDictionary.cpp, line 210]
Event: 9.586 Thread 0x000000001c1b4800 Implicit null exception at 0x0000000002ad1ae8 to 0x0000000002ad2029

Events (10 events):
Event: 9.985 loading class com/android/build/gradle/internal/dsl/NdkBuildOptions
Event: 9.985 loading class com/android/build/gradle/internal/dsl/NdkBuildOptions done
Event: 9.988 loading class com/android/build/gradle/internal/model/CoreNdkBuildOptions
Event: 9.988 loading class com/android/build/gradle/internal/model/CoreNdkBuildOptions done
Event: 9.988 loading class com/android/build/api/dsl/NdkBuild
Event: 9.988 loading class com/android/build/api/dsl/NdkBuild done
Event: 10.004 loading class com/android/build/gradle/internal/coverage/JacocoOptions
Event: 10.004 loading class com/android/build/gradle/internal/coverage/JacocoOptions done
Event: 10.009 loading class com/android/build/api/dsl/JacocoOptions
Event: 10.009 loading class com/android/build/api/dsl/JacocoOptions done


Dynamic libraries:
0x00007ff678940000 - 0x00007ff678971000 	C:\Program Files\Android\Android Studio\jre\bin\java.exe
0x00007ffdfe120000 - 0x00007ffdfe310000 	C:\WINDOWS\SYSTEM32\ntdll.dll
0x00007ffdfd170000 - 0x00007ffdfd222000 	C:\WINDOWS\System32\KERNEL32.DLL
0x00007ffdfbec0000 - 0x00007ffdfc165000 	C:\WINDOWS\System32\KERNELBASE.dll
0x00007ffdfdc00000 - 0x00007ffdfdca3000 	C:\WINDOWS\System32\ADVAPI32.dll
0x00007ffdfd460000 - 0x00007ffdfd4fe000 	C:\WINDOWS\System32\msvcrt.dll
0x00007ffdfe040000 - 0x00007ffdfe0d7000 	C:\WINDOWS\System32\sechost.dll
0x00007ffdfd270000 - 0x00007ffdfd38f000 	C:\WINDOWS\System32\RPCRT4.dll
0x00007ffdfd7f0000 - 0x00007ffdfd984000 	C:\WINDOWS\System32\USER32.dll
0x00007ffdfb320000 - 0x00007ffdfb341000 	C:\WINDOWS\System32\win32u.dll
0x00007ffdfd240000 - 0x00007ffdfd266000 	C:\WINDOWS\System32\GDI32.dll
0x00007ffdfb570000 - 0x00007ffdfb708000 	C:\WINDOWS\System32\gdi32full.dll
0x00007ffdfb4b0000 - 0x00007ffdfb54e000 	C:\WINDOWS\System32\msvcp_win.dll
0x00007ffdfb120000 - 0x00007ffdfb21a000 	C:\WINDOWS\System32\ucrtbase.dll
0x00007ffde9610000 - 0x00007ffde9894000 	C:\WINDOWS\WinSxS\amd64_microsoft.windows.common-controls_6595b64144ccf1df_6.0.18362.1440_none_9e7dbfb9e45e8e67\COMCTL32.dll
0x00007ffdfc230000 - 0x00007ffdfc566000 	C:\WINDOWS\System32\combase.dll
0x00007ffdfb090000 - 0x00007ffdfb111000 	C:\WINDOWS\System32\bcryptPrimitives.dll
0x00007ffdfd140000 - 0x00007ffdfd16e000 	C:\WINDOWS\System32\IMM32.DLL
0x0000000069260000 - 0x0000000069332000 	C:\Program Files\Android\Android Studio\jre\jre\bin\msvcr100.dll
0x0000000069360000 - 0x0000000069bab000 	C:\Program Files\Android\Android Studio\jre\jre\bin\server\jvm.dll
0x00007ffdfd990000 - 0x00007ffdfd998000 	C:\WINDOWS\System32\PSAPI.DLL
0x00007ffdd2000000 - 0x00007ffdd2009000 	C:\WINDOWS\SYSTEM32\WSOCK32.dll
0x00007ffdf7930000 - 0x00007ffdf7954000 	C:\WINDOWS\SYSTEM32\WINMM.dll
0x00007ffdefea0000 - 0x00007ffdefeaa000 	C:\WINDOWS\SYSTEM32\VERSION.dll
0x00007ffdf7900000 - 0x00007ffdf792d000 	C:\WINDOWS\SYSTEM32\winmmbase.dll
0x00007ffdfde60000 - 0x00007ffdfdecf000 	C:\WINDOWS\System32\WS2_32.dll
0x00007ffdfb2d0000 - 0x00007ffdfb31a000 	C:\WINDOWS\System32\cfgmgr32.dll
0x00007ffdf77c0000 - 0x00007ffdf77cf000 	C:\Program Files\Android\Android Studio\jre\jre\bin\verify.dll
0x00007ffdf6220000 - 0x00007ffdf6249000 	C:\Program Files\Android\Android Studio\jre\jre\bin\java.dll
0x00007ffdf6e20000 - 0x00007ffdf6e36000 	C:\Program Files\Android\Android Studio\jre\jre\bin\zip.dll
0x00007ffdfc580000 - 0x00007ffdfcc68000 	C:\WINDOWS\System32\SHELL32.dll
0x00007ffdfdb50000 - 0x00007ffdfdbf7000 	C:\WINDOWS\System32\shcore.dll
0x00007ffdfb740000 - 0x00007ffdfbebb000 	C:\WINDOWS\System32\windows.storage.dll
0x00007ffdfb070000 - 0x00007ffdfb08e000 	C:\WINDOWS\System32\profapi.dll
0x00007ffdfb000000 - 0x00007ffdfb04a000 	C:\WINDOWS\System32\powrprof.dll
0x00007ffdfafd0000 - 0x00007ffdfafe0000 	C:\WINDOWS\System32\UMPDC.dll
0x00007ffdfcc70000 - 0x00007ffdfccc2000 	C:\WINDOWS\System32\shlwapi.dll
0x00007ffdfafe0000 - 0x00007ffdfaff1000 	C:\WINDOWS\System32\kernel.appcore.dll
0x00007ffdfb550000 - 0x00007ffdfb567000 	C:\WINDOWS\System32\cryptsp.dll
0x00007ffdf6200000 - 0x00007ffdf621a000 	C:\Program Files\Android\Android Studio\jre\jre\bin\net.dll
0x00007ffdfa810000 - 0x00007ffdfa877000 	C:\WINDOWS\system32\mswsock.dll
0x00007ffdf4700000 - 0x00007ffdf4713000 	C:\Program Files\Android\Android Studio\jre\jre\bin\nio.dll
0x00007ffdf4690000 - 0x00007ffdf46b7000 	C:\Users\Rohan\.gradle\native\f6784746aeab05261644944871eae4fe03e0ef1612fff0a4a95f87b438bc6780\windows-amd64\native-platform.dll
0x00007ffdf6ff0000 - 0x00007ffdf6ffd000 	C:\Program Files\Android\Android Studio\jre\jre\bin\management.dll
0x00007ffdfa390000 - 0x00007ffdfa3c3000 	C:\WINDOWS\system32\rsaenh.dll
0x00007ffdfb710000 - 0x00007ffdfb736000 	C:\WINDOWS\System32\bcrypt.dll
0x00007ffdfaef0000 - 0x00007ffdfaf15000 	C:\WINDOWS\SYSTEM32\USERENV.dll
0x00007ffdfa9e0000 - 0x00007ffdfa9ec000 	C:\WINDOWS\SYSTEM32\CRYPTBASE.dll
0x00007ffdfa520000 - 0x00007ffdfa55a000 	C:\WINDOWS\SYSTEM32\IPHLPAPI.DLL
0x00007ffdfd230000 - 0x00007ffdfd238000 	C:\WINDOWS\System32\NSI.dll
0x00007ffdf44d0000 - 0x00007ffdf44e6000 	C:\WINDOWS\SYSTEM32\dhcpcsvc6.DLL
0x00007ffdf44b0000 - 0x00007ffdf44cc000 	C:\WINDOWS\SYSTEM32\dhcpcsvc.DLL
0x00007ffdfa560000 - 0x00007ffdfa62b000 	C:\WINDOWS\SYSTEM32\DNSAPI.dll
0x00007ffdf48b0000 - 0x00007ffdf48bb000 	C:\WINDOWS\SYSTEM32\WINNSI.DLL

VM Arguments:
jvm_args: -Xmx2048m -Dfile.encoding=UTF-8 -Duser.country=US -Duser.language=en -Duser.variant 
java_command: org.gradle.launcher.daemon.bootstrap.GradleDaemon 6.5
java_class_path (initial): C:\Users\Rohan\.gradle\wrapper\dists\gradle-6.5-all\2oz4ud9k3tuxjg84bbf55q0tn\gradle-6.5\lib\gradle-launcher-6.5.jar
Launcher Type: SUN_STANDARD

Environment Variables:
JAVA_HOME=C:\AdoptOpenJDK\jdk-11.0.8.10
USERNAME=Rohan
OS=Windows_NT
PROCESSOR_IDENTIFIER=Intel64 Family 6 Model 158 Stepping 9, GenuineIntel



---------------  S Y S T E M  ---------------

OS: Windows 10.0 , 64 bit Build 18362 (10.0.18362.1350)

CPU:total 8 (initial active 8) (4 cores per cpu, 2 threads per core) family 6 model 158 stepping 9, cmov, cx8, fxsr, mmx, sse, sse2, sse3, ssse3, sse4.1, sse4.2, popcnt, avx, avx2, aes, clmul, erms, 3dnowpref, lzcnt, ht, tsc, tscinvbit, bmi1, bmi2, adx

Memory: 4k page, physical 16658020k(5231228k free), swap 23424612k(5480k free)

vm_info: OpenJDK 64-Bit Server VM (25.242-b01) for windows-amd64 JRE (1.8.0_242-release-1644-b01), built by "builder" with MS VC++ 10.0 (VS2010)

time: Mon Mar 29 23:48:40 2021
timezone: India Standard Time
elapsed time: 10 seconds (0d 0h 0m 10s)

