#
# There is insufficient memory for the Java Runtime Environment to continue.
# Native memory allocation (malloc) failed to allocate 2209616 bytes for Chunk::new
# Possible reasons:
#   The system is out of physical RAM or swap space
#   The process is running with CompressedOops enabled, and the Java Heap may be blocking the growth of the native heap
# Possible solutions:
#   Reduce memory load on the system
#   Increase physical memory or swap space
#   Check if swap backing store is full
#   Decrease Java heap size (-Xmx/-Xms)
#   Decrease number of Java threads
#   Decrease Java thread stack sizes (-Xss)
#   Set larger code cache with -XX:ReservedCodeCacheSize=
#   JVM is running with Unscaled Compressed Oops mode in which the Java heap is
#     placed in the first 4GB address space. The Java Heap base address is the
#     maximum limit for the native heap growth. Please use -XX:HeapBaseMinAddress
#     to set the Java Heap base and to place the Java Heap above 4GB virtual address.
# This output file may be truncated or incomplete.
#
#  Out of Memory Error (allocation.cpp:389), pid=19732, tid=0x000000000000317c
#
# JRE version: OpenJDK Runtime Environment (8.0_242-b01) (build 1.8.0_242-release-1644-b01)
# Java VM: OpenJDK 64-Bit Server VM (25.242-b01 mixed mode windows-amd64 compressed oops)
# Failed to write core dump. Minidumps are not enabled by default on client versions of Windows
#

---------------  T H R E A D  ---------------

Current thread (0x000000001a1b3000):  JavaThread "C2 CompilerThread0" daemon [_thread_in_native, id=12668, stack(0x000000001aa80000,0x000000001ab80000)]

Stack: [0x000000001aa80000,0x000000001ab80000]
[error occurred during error reporting (printing stack bounds), id 0xc0000005]

Native frames: (J=compiled Java code, j=interpreted, Vv=VM code, C=native code)


Current CompileTask:
C2:   2650 1471       4       java.net.URLClassLoader$1::run (5 bytes)


---------------  P R O C E S S  ---------------

Java Threads: ( => current thread )
  0x000000001ce79800 JavaThread "Cache worker for file hash cache (C:\Users\Rohan\.gradle\caches\6.5\fileHashes)" [_thread_blocked, id=384, stack(0x000000001f1a0000,0x000000001f2a0000)]
  0x000000001ce78000 JavaThread "File lock request listener" [_thread_in_native, id=10216, stack(0x000000001f0a0000,0x000000001f1a0000)]
  0x000000001cded000 JavaThread "Cache worker for journal cache (C:\Users\Rohan\.gradle\caches\journal-1)" [_thread_blocked, id=17400, stack(0x000000001efa0000,0x000000001f0a0000)]
  0x000000001cd40800 JavaThread "Thread-9" [_thread_blocked, id=9616, stack(0x000000001eca0000,0x000000001eda0000)]
  0x000000001cd39800 JavaThread "Stdin handler" [_thread_blocked, id=16728, stack(0x000000001eba0000,0x000000001eca0000)]
  0x000000001cd31000 JavaThread "Asynchronous log dispatcher for DefaultDaemonConnection: socket connection from /127.0.0.1:61218 to /127.0.0.1:61219" [_thread_blocked, id=20864, stack(0x000000001eaa0000,0x000000001eba0000)]
  0x000000001cd2d800 JavaThread "Daemon worker" [_thread_in_Java, id=524, stack(0x000000001e9a0000,0x000000001eaa0000)]
  0x000000001cd20800 JavaThread "Cancel handler" [_thread_blocked, id=21096, stack(0x000000001e7a0000,0x000000001e8a0000)]
  0x000000001cc95800 JavaThread "Handler for socket connection from /127.0.0.1:61218 to /127.0.0.1:61219" [_thread_in_native, id=15112, stack(0x000000001e4a0000,0x000000001e5a0000)]
  0x000000001cc90000 JavaThread "Daemon" [_thread_blocked, id=25408, stack(0x000000001e3a0000,0x000000001e4a0000)]
  0x000000001ccb1800 JavaThread "Daemon periodic checks" [_thread_blocked, id=20232, stack(0x000000001e2a0000,0x000000001e3a0000)]
  0x000000001cc73800 JavaThread "Incoming local TCP Connector on port 61218" [_thread_in_native, id=16716, stack(0x000000001e060000,0x000000001e160000)]
  0x000000001cba1000 JavaThread "Daemon health stats" [_thread_blocked, id=13744, stack(0x000000001da20000,0x000000001db20000)]
  0x000000001a254000 JavaThread "Service Thread" daemon [_thread_blocked, id=19800, stack(0x000000001ae80000,0x000000001af80000)]
  0x000000001a1bf000 JavaThread "C1 CompilerThread3" daemon [_thread_blocked, id=7020, stack(0x000000001ad80000,0x000000001ae80000)]
  0x000000001a1ba800 JavaThread "C2 CompilerThread2" daemon [_thread_in_native, id=23780, stack(0x000000001ac80000,0x000000001ad80000)]
  0x000000001a1b6800 JavaThread "C2 CompilerThread1" daemon [_thread_in_native, id=17184, stack(0x000000001ab80000,0x000000001ac80000)]
=>0x000000001a1b3000 JavaThread "C2 CompilerThread0" daemon [_thread_in_native, id=12668, stack(0x000000001aa80000,0x000000001ab80000)]
  0x000000001a1af800 JavaThread "Attach Listener" daemon [_thread_blocked, id=3160, stack(0x000000001a980000,0x000000001aa80000)]
  0x000000001a1ae000 JavaThread "Signal Dispatcher" daemon [_thread_blocked, id=18972, stack(0x000000001a880000,0x000000001a980000)]
  0x000000000333e000 JavaThread "Finalizer" daemon [_thread_blocked, id=2908, stack(0x000000001a680000,0x000000001a780000)]
  0x000000001a1a0800 JavaThread "Reference Handler" daemon [_thread_blocked, id=22676, stack(0x000000001a580000,0x000000001a680000)]
  0x0000000003242800 JavaThread "main" [_thread_blocked, id=24636, stack(0x0000000003080000,0x0000000003180000)]

Other Threads:
  0x00000000183a8000 VMThread [stack: 0x000000001a080000,0x000000001a180000] [id=19440]
  0x000000001a255000 WatcherThread [stack: 0x000000001af80000,0x000000001b080000] [id=22908]

VM state:not at safepoint (normal execution)

VM Mutex/Monitor currently owned by a thread: None

heap address: 0x0000000080000000, size: 2048 MB, Compressed Oops mode: 32-bit
Narrow klass base: 0x0000000000000000, Narrow klass shift: 3
Compressed class space size: 1073741824 Address: 0x0000000100000000

Heap:
 PSYoungGen      total 76288K, used 51857K [0x00000000d5580000, 0x00000000daa80000, 0x0000000100000000)
  eden space 65536K, 65% used [0x00000000d5580000,0x00000000d7f35280,0x00000000d9580000)
  from space 10752K, 85% used [0x00000000da000000,0x00000000da8ef258,0x00000000daa80000)
  to   space 10752K, 0% used [0x00000000d9580000,0x00000000d9580000,0x00000000da000000)
 ParOldGen       total 175104K, used 24K [0x0000000080000000, 0x000000008ab00000, 0x00000000d5580000)
  object space 175104K, 0% used [0x0000000080000000,0x0000000080006000,0x000000008ab00000)
 Metaspace       used 18075K, capacity 18652K, committed 18816K, reserved 1064960K
  class space    used 2479K, capacity 2660K, committed 2688K, reserved 1048576K

Card table byte_map: [0x0000000012700000,0x0000000012b10000] byte_map_base: 0x0000000012300000

Marking Bits: (ParMarkBitMap*) 0x0000000069b2f030
 Begin Bits: [0x00000000135c0000, 0x00000000155c0000)
 End Bits:   [0x00000000155c0000, 0x00000000175c0000)

Polling page: 0x00000000017e0000

CodeCache: size=245760Kb used=5631Kb max_used=5631Kb free=240128Kb
 bounds [0x0000000003340000, 0x00000000038d0000, 0x0000000012340000]
 total_blobs=2027 nmethods=1622 adapters=318
 compilation: enabled

Compilation events (10 events):
Event: 2.642 Thread 0x000000001a1bf000 1623       3       sun.reflect.generics.factory.CoreReflectionFactory::getDeclsLoader (85 bytes)
Event: 2.645 Thread 0x000000001a1bf000 nmethod 1623 0x00000000038bf2d0 code [0x00000000038bf620, 0x00000000038c18d8]
Event: 2.645 Thread 0x000000001a1bf000 1625       3       sun.misc.ProxyGenerator::access$700 (7 bytes)
Event: 2.645 Thread 0x000000001a1bf000 nmethod 1625 0x00000000038ba4d0 code [0x00000000038ba640, 0x00000000038ba828]
Event: 2.645 Thread 0x000000001a1bf000 1626       3       java.lang.Class::privateGetDeclaredMethods (67 bytes)
Event: 2.645 Thread 0x000000001a1bf000 nmethod 1626 0x00000000038b9610 code [0x00000000038b9800, 0x00000000038ba128]
Event: 2.645 Thread 0x000000001a1bf000 1624       3       sun.reflect.generics.tree.ClassTypeSignature::accept (8 bytes)
Event: 2.646 Thread 0x000000001a1bf000 nmethod 1624 0x00000000038b91d0 code [0x00000000038b9340, 0x00000000038b9528]
Event: 2.646 Thread 0x000000001a1bf000 1627       1       java.lang.reflect.Constructor::getConstructorAccessor (5 bytes)
Event: 2.646 Thread 0x000000001a1bf000 nmethod 1627 0x00000000038b8f10 code [0x00000000038b9060, 0x00000000038b9170]

GC Heap History (4 events):
Event: 1.035 GC heap before
{Heap before GC invocations=1 (full 0):
 PSYoungGen      total 76288K, used 65536K [0x00000000d5580000, 0x00000000daa80000, 0x0000000100000000)
  eden space 65536K, 100% used [0x00000000d5580000,0x00000000d9580000,0x00000000d9580000)
  from space 10752K, 0% used [0x00000000da000000,0x00000000da000000,0x00000000daa80000)
  to   space 10752K, 0% used [0x00000000d9580000,0x00000000d9580000,0x00000000da000000)
 ParOldGen       total 175104K, used 0K [0x0000000080000000, 0x000000008ab00000, 0x00000000d5580000)
  object space 175104K, 0% used [0x0000000080000000,0x0000000080000000,0x000000008ab00000)
 Metaspace       used 7430K, capacity 7644K, committed 7936K, reserved 1056768K
  class space    used 907K, capacity 975K, committed 1024K, reserved 1048576K
Event: 1.040 GC heap after
Heap after GC invocations=1 (full 0):
 PSYoungGen      total 76288K, used 5646K [0x00000000d5580000, 0x00000000daa80000, 0x0000000100000000)
  eden space 65536K, 0% used [0x00000000d5580000,0x00000000d5580000,0x00000000d9580000)
  from space 10752K, 52% used [0x00000000d9580000,0x00000000d9b03938,0x00000000da000000)
  to   space 10752K, 0% used [0x00000000da000000,0x00000000da000000,0x00000000daa80000)
 ParOldGen       total 175104K, used 16K [0x0000000080000000, 0x000000008ab00000, 0x00000000d5580000)
  object space 175104K, 0% used [0x0000000080000000,0x0000000080004000,0x000000008ab00000)
 Metaspace       used 7430K, capacity 7644K, committed 7936K, reserved 1056768K
  class space    used 907K, capacity 975K, committed 1024K, reserved 1048576K
}
Event: 2.242 GC heap before
{Heap before GC invocations=2 (full 0):
 PSYoungGen      total 76288K, used 71182K [0x00000000d5580000, 0x00000000daa80000, 0x0000000100000000)
  eden space 65536K, 100% used [0x00000000d5580000,0x00000000d9580000,0x00000000d9580000)
  from space 10752K, 52% used [0x00000000d9580000,0x00000000d9b03938,0x00000000da000000)
  to   space 10752K, 0% used [0x00000000da000000,0x00000000da000000,0x00000000daa80000)
 ParOldGen       total 175104K, used 16K [0x0000000080000000, 0x000000008ab00000, 0x00000000d5580000)
  object space 175104K, 0% used [0x0000000080000000,0x0000000080004000,0x000000008ab00000)
 Metaspace       used 14299K, capacity 14792K, committed 14976K, reserved 1062912K
  class space    used 1966K, capacity 2120K, committed 2176K, reserved 1048576K
Event: 2.248 GC heap after
Heap after GC invocations=2 (full 0):
 PSYoungGen      total 76288K, used 9148K [0x00000000d5580000, 0x00000000daa80000, 0x0000000100000000)
  eden space 65536K, 0% used [0x00000000d5580000,0x00000000d5580000,0x00000000d9580000)
  from space 10752K, 85% used [0x00000000da000000,0x00000000da8ef258,0x00000000daa80000)
  to   space 10752K, 0% used [0x00000000d9580000,0x00000000d9580000,0x00000000da000000)
 ParOldGen       total 175104K, used 24K [0x0000000080000000, 0x000000008ab00000, 0x00000000d5580000)
  object space 175104K, 0% used [0x0000000080000000,0x0000000080006000,0x000000008ab00000)
 Metaspace       used 14299K, capacity 14792K, committed 14976K, reserved 1062912K
  class space    used 1966K, capacity 2120K, committed 2176K, reserved 1048576K
}

Deoptimization events (10 events):
Event: 2.222 Thread 0x000000001cd2d800 Uncommon trap: reason=class_check action=maybe_recompile pc=0x0000000003662118 method=java.util.regex.Matcher.match(II)Z @ 86
Event: 2.222 Thread 0x000000001cd2d800 Uncommon trap: reason=class_check action=maybe_recompile pc=0x0000000003507d0c method=java.util.regex.Matcher.match(II)Z @ 86
Event: 2.310 Thread 0x000000001cd2d800 Uncommon trap: reason=unstable_if action=reinterpret pc=0x000000000366aa8c method=java.io.File.getName()Ljava/lang/String; @ 16
Event: 2.310 Thread 0x000000001cd2d800 Uncommon trap: reason=unstable_if action=reinterpret pc=0x0000000003668edc method=java.lang.String.substring(I)Ljava/lang/String; @ 35
Event: 2.510 Thread 0x000000001cd2d800 Uncommon trap: reason=unstable_if action=reinterpret pc=0x000000000366b170 method=java.util.LinkedHashMap.afterNodeInsertion(Z)V @ 1
Event: 2.510 Thread 0x000000001cd2d800 Uncommon trap: reason=unstable_if action=reinterpret pc=0x00000000035bcd00 method=java.util.HashMap.getNode(ILjava/lang/Object;)Ljava/util/HashMap$Node; @ 129
Event: 2.510 Thread 0x000000001cd2d800 Uncommon trap: reason=bimorphic action=maybe_recompile pc=0x00000000037f9064 method=java.util.HashMap.putVal(ILjava/lang/Object;Ljava/lang/Object;ZZ)Ljava/lang/Object; @ 203
Event: 2.513 Thread 0x000000001cd2d800 Uncommon trap: reason=unstable_if action=reinterpret pc=0x00000000035ae510 method=java.util.HashMap.getNode(ILjava/lang/Object;)Ljava/util/HashMap$Node; @ 129
Event: 2.513 Thread 0x000000001cd2d800 Uncommon trap: reason=bimorphic action=maybe_recompile pc=0x00000000037f9064 method=java.util.HashMap.putVal(ILjava/lang/Object;Ljava/lang/Object;ZZ)Ljava/lang/Object; @ 203
Event: 2.617 Thread 0x000000001cd2d800 Uncommon trap: reason=unstable_if action=reinterpret pc=0x000000000384018c method=java.util.jar.Attributes$Name.isDigit(C)Z @ 3

Classes redefined (0 events):
No events

Internal exceptions (10 events):
Event: 1.984 Thread 0x000000001cc95800 Exception <a 'java/lang/NoSuchMethodError': <clinit>> (0x00000000d779b228) thrown at [C:\src\AOSP-openjdk-git\hotspot\src\share\vm\prims\jni.cpp, line 1615]
Event: 1.986 Thread 0x000000001cc95800 Exception <a 'java/lang/NoSuchMethodError': <clinit>> (0x00000000d77af810) thrown at [C:\src\AOSP-openjdk-git\hotspot\src\share\vm\prims\jni.cpp, line 1615]
Event: 1.998 Thread 0x000000001cc95800 Exception <a 'java/lang/NoSuchMethodError': <clinit>> (0x00000000d781c7e0) thrown at [C:\src\AOSP-openjdk-git\hotspot\src\share\vm\prims\jni.cpp, line 1615]
Event: 2.003 Thread 0x000000001cc95800 Exception <a 'java/lang/NoSuchMethodError': <clinit>> (0x00000000d7856ce8) thrown at [C:\src\AOSP-openjdk-git\hotspot\src\share\vm\prims\jni.cpp, line 1615]
Event: 2.009 Thread 0x000000001cc95800 Exception <a 'java/lang/NoSuchMethodError': <clinit>> (0x00000000d788c7d0) thrown at [C:\src\AOSP-openjdk-git\hotspot\src\share\vm\prims\jni.cpp, line 1615]
Event: 2.011 Thread 0x000000001cc95800 Exception <a 'java/lang/NoSuchMethodError': <clinit>> (0x00000000d7898d30) thrown at [C:\src\AOSP-openjdk-git\hotspot\src\share\vm\prims\jni.cpp, line 1615]
Event: 2.346 Thread 0x000000001cd2d800 Exception <a 'java/lang/NoSuchMethodError': java.lang.Object.lambda$and$0(Ljava/util/function/Predicate;Ljava/lang/Object;)Z> (0x00000000d5dc9ce8) thrown at [C:\src\AOSP-openjdk-git\hotspot\src\share\vm\interpreter\linkResolver.cpp, line 620]
Event: 2.351 Thread 0x000000001cd2d800 Exception <a 'java/lang/IncompatibleClassChangeError': Found class java.lang.Object, but interface was expected> (0x00000000d5dd9fe0) thrown at [C:\src\AOSP-openjdk-git\hotspot\src\share\vm\interpreter\linkResolver.cpp, line 653]
Event: 2.355 Thread 0x000000001cd2d800 Exception <a 'java/lang/NoSuchMethodError': java.lang.Object.lambda$or$2(Ljava/util/function/Predicate;Ljava/lang/Object;)Z> (0x00000000d5ddeb30) thrown at [C:\src\AOSP-openjdk-git\hotspot\src\share\vm\interpreter\linkResolver.cpp, line 620]
Event: 2.549 Thread 0x000000001cd2d800 Exception <a 'java/lang/NoSuchMethodError': java.lang.Object.lambda$static$0(Lorg/gradle/internal/state/ModelObject;)Ljava/lang/String;> (0x00000000d7559318) thrown at [C:\src\AOSP-openjdk-git\hotspot\src\share\vm\interpreter\linkResolver.cpp, line 620]

Events (10 events):
Event: 2.645 loading class org/gradle/api/internal/DynamicObjectAware
Event: 2.645 loading class org/gradle/api/internal/DynamicObjectAware done
Event: 2.646 loading class groovy/lang/Closure
Event: 2.646 loading class groovy/lang/Closure done
Event: 2.646 loading class groovy/lang/GroovyCallable
Event: 2.646 loading class groovy/lang/GroovyCallable done
Event: 2.646 loading class groovy/lang/GroovyObjectSupport
Event: 2.647 loading class groovy/lang/GroovyObjectSupport done
Event: 2.647 loading class org/gradle/internal/instantiation/generator/AsmBackedClassGenerator$ClassBuilderImpl
Event: 2.647 loading class org/gradle/internal/instantiation/generator/AsmBackedClassGenerator$ClassBuilderImpl done


Dynamic libraries:
0x00007ff678940000 - 0x00007ff678971000 	C:\Program Files\Android\Android Studio\jre\bin\java.exe
0x00007ffdfe120000 - 0x00007ffdfe310000 	C:\WINDOWS\SYSTEM32\ntdll.dll
0x00007ffdfd170000 - 0x00007ffdfd222000 	C:\WINDOWS\System32\KERNEL32.DLL
0x00007ffdfbec0000 - 0x00007ffdfc165000 	C:\WINDOWS\System32\KERNELBASE.dll
0x00007ffdfdc00000 - 0x00007ffdfdca3000 	C:\WINDOWS\System32\ADVAPI32.dll
0x00007ffdfd460000 - 0x00007ffdfd4fe000 	C:\WINDOWS\System32\msvcrt.dll
0x00007ffdfe040000 - 0x00007ffdfe0d7000 	C:\WINDOWS\System32\sechost.dll
0x00007ffdfd270000 - 0x00007ffdfd38f000 	C:\WINDOWS\System32\RPCRT4.dll
0x00007ffdfd7f0000 - 0x00007ffdfd984000 	C:\WINDOWS\System32\USER32.dll
0x00007ffdfb320000 - 0x00007ffdfb341000 	C:\WINDOWS\System32\win32u.dll
0x00007ffdfd240000 - 0x00007ffdfd266000 	C:\WINDOWS\System32\GDI32.dll
0x00007ffdfb570000 - 0x00007ffdfb708000 	C:\WINDOWS\System32\gdi32full.dll
0x00007ffdfb4b0000 - 0x00007ffdfb54e000 	C:\WINDOWS\System32\msvcp_win.dll
0x00007ffdfb120000 - 0x00007ffdfb21a000 	C:\WINDOWS\System32\ucrtbase.dll
0x00007ffde9610000 - 0x00007ffde9894000 	C:\WINDOWS\WinSxS\amd64_microsoft.windows.common-controls_6595b64144ccf1df_6.0.18362.1440_none_9e7dbfb9e45e8e67\COMCTL32.dll
0x00007ffdfc230000 - 0x00007ffdfc566000 	C:\WINDOWS\System32\combase.dll
0x00007ffdfb090000 - 0x00007ffdfb111000 	C:\WINDOWS\System32\bcryptPrimitives.dll
0x00007ffdfd140000 - 0x00007ffdfd16e000 	C:\WINDOWS\System32\IMM32.DLL
0x0000000069260000 - 0x0000000069332000 	C:\Program Files\Android\Android Studio\jre\jre\bin\msvcr100.dll
0x0000000069360000 - 0x0000000069bab000 	C:\Program Files\Android\Android Studio\jre\jre\bin\server\jvm.dll
0x00007ffdfd990000 - 0x00007ffdfd998000 	C:\WINDOWS\System32\PSAPI.DLL
0x00007ffdd2000000 - 0x00007ffdd2009000 	C:\WINDOWS\SYSTEM32\WSOCK32.dll
0x00007ffdf7930000 - 0x00007ffdf7954000 	C:\WINDOWS\SYSTEM32\WINMM.dll
0x00007ffdefea0000 - 0x00007ffdefeaa000 	C:\WINDOWS\SYSTEM32\VERSION.dll
0x00007ffdfde60000 - 0x00007ffdfdecf000 	C:\WINDOWS\System32\WS2_32.dll
0x00007ffdf7900000 - 0x00007ffdf792d000 	C:\WINDOWS\SYSTEM32\WINMMBASE.dll
0x00007ffdfb2d0000 - 0x00007ffdfb31a000 	C:\WINDOWS\System32\cfgmgr32.dll
0x00007ffdf77c0000 - 0x00007ffdf77cf000 	C:\Program Files\Android\Android Studio\jre\jre\bin\verify.dll
0x00007ffdf6220000 - 0x00007ffdf6249000 	C:\Program Files\Android\Android Studio\jre\jre\bin\java.dll
0x00007ffdf6e20000 - 0x00007ffdf6e36000 	C:\Program Files\Android\Android Studio\jre\jre\bin\zip.dll
0x00007ffdfc580000 - 0x00007ffdfcc68000 	C:\WINDOWS\System32\SHELL32.dll
0x00007ffdfdb50000 - 0x00007ffdfdbf7000 	C:\WINDOWS\System32\shcore.dll
0x00007ffdfb740000 - 0x00007ffdfbebb000 	C:\WINDOWS\System32\windows.storage.dll
0x00007ffdfb070000 - 0x00007ffdfb08e000 	C:\WINDOWS\System32\profapi.dll
0x00007ffdfb000000 - 0x00007ffdfb04a000 	C:\WINDOWS\System32\powrprof.dll
0x00007ffdfafd0000 - 0x00007ffdfafe0000 	C:\WINDOWS\System32\UMPDC.dll
0x00007ffdfcc70000 - 0x00007ffdfccc2000 	C:\WINDOWS\System32\shlwapi.dll
0x00007ffdfafe0000 - 0x00007ffdfaff1000 	C:\WINDOWS\System32\kernel.appcore.dll
0x00007ffdfb550000 - 0x00007ffdfb567000 	C:\WINDOWS\System32\cryptsp.dll
0x00007ffdf6200000 - 0x00007ffdf621a000 	C:\Program Files\Android\Android Studio\jre\jre\bin\net.dll
0x00007ffdfa810000 - 0x00007ffdfa877000 	C:\WINDOWS\system32\mswsock.dll
0x00007ffdf4700000 - 0x00007ffdf4713000 	C:\Program Files\Android\Android Studio\jre\jre\bin\nio.dll
0x00007ffdf4690000 - 0x00007ffdf46b7000 	C:\Users\Rohan\.gradle\native\f6784746aeab05261644944871eae4fe03e0ef1612fff0a4a95f87b438bc6780\windows-amd64\native-platform.dll
0x00007ffdf6ff0000 - 0x00007ffdf6ffd000 	C:\Program Files\Android\Android Studio\jre\jre\bin\management.dll
0x00007ffdfa390000 - 0x00007ffdfa3c3000 	C:\WINDOWS\system32\rsaenh.dll
0x00007ffdfb710000 - 0x00007ffdfb736000 	C:\WINDOWS\System32\bcrypt.dll
0x00007ffdfaef0000 - 0x00007ffdfaf15000 	C:\WINDOWS\SYSTEM32\USERENV.dll
0x00007ffdfa9e0000 - 0x00007ffdfa9ec000 	C:\WINDOWS\SYSTEM32\CRYPTBASE.dll
0x00007ffdfa520000 - 0x00007ffdfa55a000 	C:\WINDOWS\SYSTEM32\IPHLPAPI.DLL
0x00007ffdfd230000 - 0x00007ffdfd238000 	C:\WINDOWS\System32\NSI.dll
0x00007ffdf44d0000 - 0x00007ffdf44e6000 	C:\WINDOWS\SYSTEM32\dhcpcsvc6.DLL
0x00007ffdf44b0000 - 0x00007ffdf44cc000 	C:\WINDOWS\SYSTEM32\dhcpcsvc.DLL
0x00007ffdfa560000 - 0x00007ffdfa62b000 	C:\WINDOWS\SYSTEM32\DNSAPI.dll
0x00007ffdf48b0000 - 0x00007ffdf48bb000 	C:\WINDOWS\SYSTEM32\WINNSI.DLL

VM Arguments:
jvm_args: -Xmx2048m -Dfile.encoding=UTF-8 -Duser.country=US -Duser.language=en -Duser.variant 
java_command: org.gradle.launcher.daemon.bootstrap.GradleDaemon 6.5
java_class_path (initial): C:\Users\Rohan\.gradle\wrapper\dists\gradle-6.5-all\2oz4ud9k3tuxjg84bbf55q0tn\gradle-6.5\lib\gradle-launcher-6.5.jar
Launcher Type: SUN_STANDARD

Environment Variables:
JAVA_HOME=C:\AdoptOpenJDK\jdk-11.0.8.10
USERNAME=Rohan
OS=Windows_NT
PROCESSOR_IDENTIFIER=Intel64 Family 6 Model 158 Stepping 9, GenuineIntel



---------------  S Y S T E M  ---------------

OS: Windows 10.0 , 64 bit Build 18362 (10.0.18362.1350)

CPU:total 8 (initial active 8) (4 cores per cpu, 2 threads per core) family 6 model 158 stepping 9, cmov, cx8, fxsr, mmx, sse, sse2, sse3, ssse3, sse4.1, sse4.2, popcnt, avx, avx2, aes, clmul, erms, 3dnowpref, lzcnt, ht, tsc, tscinvbit, bmi1, bmi2, adx

Memory: 4k page, physical 16658020k(5291236k free), swap 23424612k(6080k free)

vm_info: OpenJDK 64-Bit Server VM (25.242-b01) for windows-amd64 JRE (1.8.0_242-release-1644-b01), built by "builder" with MS VC++ 10.0 (VS2010)

time: Mon Mar 29 23:50:17 2021
timezone: India Standard Time
elapsed time: 2 seconds (0d 0h 0m 2s)

