#
# There is insufficient memory for the Java Runtime Environment to continue.
# Native memory allocation (malloc) failed to allocate 788176 bytes for Chunk::new
# Possible reasons:
#   The system is out of physical RAM or swap space
#   The process is running with CompressedOops enabled, and the Java Heap may be blocking the growth of the native heap
# Possible solutions:
#   Reduce memory load on the system
#   Increase physical memory or swap space
#   Check if swap backing store is full
#   Decrease Java heap size (-Xmx/-Xms)
#   Decrease number of Java threads
#   Decrease Java thread stack sizes (-Xss)
#   Set larger code cache with -XX:ReservedCodeCacheSize=
#   JVM is running with Unscaled Compressed Oops mode in which the Java heap is
#     placed in the first 4GB address space. The Java Heap base address is the
#     maximum limit for the native heap growth. Please use -XX:HeapBaseMinAddress
#     to set the Java Heap base and to place the Java Heap above 4GB virtual address.
# This output file may be truncated or incomplete.
#
#  Out of Memory Error (allocation.cpp:389), pid=9280, tid=0x0000000000004378
#
# JRE version: OpenJDK Runtime Environment (8.0_242-b01) (build 1.8.0_242-release-1644-b01)
# Java VM: OpenJDK 64-Bit Server VM (25.242-b01 mixed mode windows-amd64 compressed oops)
# Failed to write core dump. Minidumps are not enabled by default on client versions of Windows
#

---------------  T H R E A D  ---------------

Current thread (0x000000001a0c7800):  JavaThread "C2 CompilerThread1" daemon [_thread_in_native, id=17272, stack(0x000000001aaa0000,0x000000001aba0000)]

Stack: [0x000000001aaa0000,0x000000001aba0000]
[error occurred during error reporting (printing stack bounds), id 0xc0000005]

Native frames: (J=compiled Java code, j=interpreted, Vv=VM code, C=native code)


Current CompileTask:
C2:   7819 4724   !   4       com.sun.beans.TypeResolver::resolve (274 bytes)


---------------  P R O C E S S  ---------------

Java Threads: ( => current thread )
  0x000000001f652000 JavaThread "Cache worker for Build Output Cleanup Cache (E:\Github\jose\cst8334-21w-330-team-1\.gradle\buildOutputCleanup)" [_thread_blocked, id=23156, stack(0x000000002b7d0000,0x000000002b8d0000)]
  0x000000002117e000 JavaThread "jar transforms Thread 94" [_thread_blocked, id=19388, stack(0x000000002af90000,0x000000002b090000)]
  0x000000002117e800 JavaThread "jar transforms Thread 93" [_thread_blocked, id=25060, stack(0x000000002ae90000,0x000000002af90000)]
  0x0000000021176800 JavaThread "jar transforms Thread 92" [_thread_blocked, id=5276, stack(0x000000002ac90000,0x000000002ad90000)]
  0x000000002117d000 JavaThread "jar transforms Thread 91" [_thread_blocked, id=20772, stack(0x000000002ab90000,0x000000002ac90000)]
  0x000000002117c800 JavaThread "jar transforms Thread 90" [_thread_blocked, id=25400, stack(0x000000002aa90000,0x000000002ab90000)]
  0x0000000021179800 JavaThread "jar transforms Thread 89" [_thread_blocked, id=15628, stack(0x000000002a990000,0x000000002aa90000)]
  0x0000000021178800 JavaThread "jar transforms Thread 88" [_thread_blocked, id=18224, stack(0x000000002a890000,0x000000002a990000)]
  0x000000002117b800 JavaThread "jar transforms Thread 87" [_thread_blocked, id=24212, stack(0x000000002a790000,0x000000002a890000)]
  0x000000002117b000 JavaThread "jar transforms Thread 86" [_thread_blocked, id=10140, stack(0x000000002a690000,0x000000002a790000)]
  0x0000000021175800 JavaThread "jar transforms Thread 85" [_thread_blocked, id=21716, stack(0x000000002a590000,0x000000002a690000)]
  0x000000002117a000 JavaThread "jar transforms Thread 84" [_thread_blocked, id=16856, stack(0x000000002a490000,0x000000002a590000)]
  0x0000000021178000 JavaThread "jar transforms Thread 83" [_thread_blocked, id=9784, stack(0x000000002a390000,0x000000002a490000)]
  0x0000000021170800 JavaThread "jar transforms Thread 82" [_thread_blocked, id=18708, stack(0x000000002a290000,0x000000002a390000)]
  0x0000000021177000 JavaThread "jar transforms Thread 81" [_thread_blocked, id=19264, stack(0x000000002a190000,0x000000002a290000)]
  0x0000000021174000 JavaThread "jar transforms Thread 80" [_thread_blocked, id=12312, stack(0x000000002a090000,0x000000002a190000)]
  0x0000000021171000 JavaThread "jar transforms Thread 79" [_thread_blocked, id=23160, stack(0x0000000029f90000,0x000000002a090000)]
  0x0000000021172800 JavaThread "jar transforms Thread 78" [_thread_blocked, id=21304, stack(0x0000000029e90000,0x0000000029f90000)]
  0x0000000021175000 JavaThread "jar transforms Thread 77" [_thread_blocked, id=24680, stack(0x0000000029d90000,0x0000000029e90000)]
  0x0000000021173800 JavaThread "jar transforms Thread 76" [_thread_blocked, id=23560, stack(0x0000000029c90000,0x0000000029d90000)]
  0x0000000021172000 JavaThread "jar transforms Thread 75" [_thread_blocked, id=19956, stack(0x0000000029b90000,0x0000000029c90000)]
  0x000000002034b000 JavaThread "jar transforms Thread 74" [_thread_blocked, id=6168, stack(0x0000000029a90000,0x0000000029b90000)]
  0x000000002034f000 JavaThread "jar transforms Thread 73" [_thread_blocked, id=17440, stack(0x0000000029990000,0x0000000029a90000)]
  0x000000002034f800 JavaThread "jar transforms Thread 72" [_thread_blocked, id=18988, stack(0x0000000029890000,0x0000000029990000)]
  0x000000002034e000 JavaThread "jar transforms Thread 71" [_thread_blocked, id=21600, stack(0x0000000029790000,0x0000000029890000)]
  0x0000000020350800 JavaThread "jar transforms Thread 70" [_thread_blocked, id=19208, stack(0x0000000029690000,0x0000000029790000)]
  0x000000002034d800 JavaThread "jar transforms Thread 69" [_thread_blocked, id=11552, stack(0x0000000029590000,0x0000000029690000)]
  0x000000002034a800 JavaThread "jar transforms Thread 68" [_thread_blocked, id=23176, stack(0x0000000029490000,0x0000000029590000)]
  0x000000002034c800 JavaThread "jar transforms Thread 67" [_thread_blocked, id=3284, stack(0x0000000029390000,0x0000000029490000)]
  0x000000002034c000 JavaThread "jar transforms Thread 66" [_thread_blocked, id=18088, stack(0x0000000029290000,0x0000000029390000)]
  0x0000000020351000 JavaThread "jar transforms Thread 65" [_thread_blocked, id=7920, stack(0x0000000029190000,0x0000000029290000)]
  0x0000000020343000 JavaThread "jar transforms Thread 64" [_thread_blocked, id=24664, stack(0x0000000029090000,0x0000000029190000)]
  0x0000000020349800 JavaThread "jar transforms Thread 63" [_thread_blocked, id=140, stack(0x0000000028f90000,0x0000000029090000)]
  0x0000000020349000 JavaThread "jar transforms Thread 62" [_thread_blocked, id=26052, stack(0x0000000028e90000,0x0000000028f90000)]
  0x0000000020348000 JavaThread "jar transforms Thread 61" [_thread_blocked, id=18624, stack(0x0000000028d90000,0x0000000028e90000)]
  0x0000000020347800 JavaThread "jar transforms Thread 60" [_thread_blocked, id=24452, stack(0x0000000028c90000,0x0000000028d90000)]
  0x0000000020344800 JavaThread "jar transforms Thread 59" [_thread_blocked, id=4604, stack(0x0000000028b90000,0x0000000028c90000)]
  0x0000000020343800 JavaThread "jar transforms Thread 58" [_thread_blocked, id=26408, stack(0x0000000028a90000,0x0000000028b90000)]
  0x0000000020346800 JavaThread "jar transforms Thread 57" [_thread_blocked, id=8344, stack(0x0000000028990000,0x0000000028a90000)]
  0x0000000020346000 JavaThread "jar transforms Thread 56" [_thread_blocked, id=20748, stack(0x0000000028890000,0x0000000028990000)]
  0x0000000020345000 JavaThread "jar transforms Thread 55" [_thread_blocked, id=17520, stack(0x0000000028790000,0x0000000028890000)]
  0x0000000020342000 JavaThread "jar transforms Thread 54" [_thread_blocked, id=15208, stack(0x0000000028690000,0x0000000028790000)]
  0x000000001b7be800 JavaThread "jar transforms Thread 53" [_thread_blocked, id=25196, stack(0x0000000028590000,0x0000000028690000)]
  0x000000001b7c0800 JavaThread "jar transforms Thread 52" [_thread_blocked, id=26444, stack(0x0000000028490000,0x0000000028590000)]
  0x000000001b7c0000 JavaThread "jar transforms Thread 51" [_thread_blocked, id=17784, stack(0x0000000028390000,0x0000000028490000)]
  0x000000001b7bd000 JavaThread "jar transforms Thread 50" [_thread_blocked, id=22724, stack(0x0000000028290000,0x0000000028390000)]
  0x000000001b7c3000 JavaThread "jar transforms Thread 49" [_thread_blocked, id=21544, stack(0x0000000028190000,0x0000000028290000)]
  0x000000001b7c4000 JavaThread "jar transforms Thread 48" [_thread_blocked, id=23604, stack(0x0000000028090000,0x0000000028190000)]
  0x000000001b7bd800 JavaThread "jar transforms Thread 47" [_thread_blocked, id=18856, stack(0x0000000027f90000,0x0000000028090000)]
  0x000000001b7c2800 JavaThread "jar transforms Thread 46" [_thread_blocked, id=22292, stack(0x0000000027e90000,0x0000000027f90000)]
  0x000000001b7bf000 JavaThread "jar transforms Thread 45" [_thread_blocked, id=17976, stack(0x0000000027d90000,0x0000000027e90000)]
  0x000000001b7c1800 JavaThread "jar transforms Thread 44" [_thread_blocked, id=26360, stack(0x0000000027c90000,0x0000000027d90000)]
  0x000000001b7b6000 JavaThread "jar transforms Thread 43" [_thread_blocked, id=1968, stack(0x0000000027b90000,0x0000000027c90000)]
  0x000000001b7b5800 JavaThread "jar transforms Thread 42" [_thread_blocked, id=19140, stack(0x0000000027a90000,0x0000000027b90000)]
  0x000000001b7bc000 JavaThread "jar transforms Thread 41" [_thread_blocked, id=24848, stack(0x0000000027990000,0x0000000027a90000)]
  0x000000001b7b7000 JavaThread "jar transforms Thread 40" [_thread_blocked, id=8952, stack(0x0000000027890000,0x0000000027990000)]
  0x000000001b7b4800 JavaThread "jar transforms Thread 39" [_thread_blocked, id=26432, stack(0x0000000027790000,0x0000000027890000)]
  0x000000001b7ba800 JavaThread "jar transforms Thread 38" [_thread_blocked, id=21816, stack(0x0000000027690000,0x0000000027790000)]
  0x000000001b7b7800 JavaThread "jar transforms Thread 37" [_thread_blocked, id=3928, stack(0x0000000027590000,0x0000000027690000)]
  0x000000001b7bb800 JavaThread "jar transforms Thread 36" [_thread_blocked, id=18608, stack(0x0000000027490000,0x0000000027590000)]
  0x000000001b7ba000 JavaThread "jar transforms Thread 35" [_thread_blocked, id=16752, stack(0x0000000027390000,0x0000000027490000)]
  0x000000001b7b8800 JavaThread "jar transforms Thread 34" [_thread_blocked, id=24880, stack(0x0000000027290000,0x0000000027390000)]
  0x000000001b7b9000 JavaThread "jar transforms Thread 33" [_thread_blocked, id=18228, stack(0x0000000027190000,0x0000000027290000)]
  0x000000001d26e000 JavaThread "jar transforms Thread 32" [_thread_blocked, id=21488, stack(0x0000000027090000,0x0000000027190000)]
  0x000000001d26d800 JavaThread "jar transforms Thread 31" [_thread_blocked, id=5060, stack(0x0000000026f90000,0x0000000027090000)]
  0x000000001d26c000 JavaThread "jar transforms Thread 30" [_thread_blocked, id=1408, stack(0x0000000026e90000,0x0000000026f90000)]
  0x000000001d26a800 JavaThread "jar transforms Thread 29" [_thread_blocked, id=23952, stack(0x0000000026d90000,0x0000000026e90000)]
  0x000000001d26c800 JavaThread "jar transforms Thread 28" [_thread_blocked, id=26060, stack(0x0000000026c90000,0x0000000026d90000)]
  0x000000001d26b000 JavaThread "jar transforms Thread 27" [_thread_blocked, id=25648, stack(0x0000000026b90000,0x0000000026c90000)]
  0x000000001d263000 JavaThread "jar transforms Thread 26" [_thread_blocked, id=17616, stack(0x0000000026a90000,0x0000000026b90000)]
  0x000000001d269800 JavaThread "jar transforms Thread 25" [_thread_blocked, id=9996, stack(0x0000000026990000,0x0000000026a90000)]
  0x000000001d269000 JavaThread "jar transforms Thread 24" [_thread_blocked, id=20768, stack(0x0000000026890000,0x0000000026990000)]
  0x000000001d268000 JavaThread "jar transforms Thread 23" [_thread_blocked, id=7780, stack(0x0000000026790000,0x0000000026890000)]
  0x000000001d262000 JavaThread "jar transforms Thread 22" [_thread_blocked, id=18840, stack(0x0000000026690000,0x0000000026790000)]
  0x000000001d264800 JavaThread "jar transforms Thread 21" [_thread_blocked, id=23628, stack(0x0000000026590000,0x0000000026690000)]
  0x000000001d261800 JavaThread "jar transforms Thread 20" [_thread_blocked, id=16392, stack(0x0000000026490000,0x0000000026590000)]
  0x000000001d267800 JavaThread "jar transforms Thread 19" [_thread_blocked, id=19588, stack(0x0000000026390000,0x0000000026490000)]
  0x000000001d266800 JavaThread "jar transforms Thread 18" [_thread_blocked, id=19840, stack(0x0000000026290000,0x0000000026390000)]
  0x000000001d265000 JavaThread "jar transforms Thread 17" [_thread_blocked, id=6776, stack(0x0000000026190000,0x0000000026290000)]
  0x000000001d25f000 JavaThread "jar transforms Thread 16" [_thread_blocked, id=5700, stack(0x0000000026090000,0x0000000026190000)]
  0x000000001d260800 JavaThread "jar transforms Thread 15" [_thread_blocked, id=11508, stack(0x0000000025f90000,0x0000000026090000)]
  0x000000001d263800 JavaThread "jar transforms Thread 14" [_thread_blocked, id=22960, stack(0x0000000025e90000,0x0000000025f90000)]
  0x000000001d260000 JavaThread "jar transforms Thread 13" [_thread_blocked, id=26120, stack(0x0000000025d90000,0x0000000025e90000)]
  0x000000001d266000 JavaThread "jar transforms Thread 12" [_thread_blocked, id=23260, stack(0x0000000025c90000,0x0000000025d90000)]
  0x000000001d157800 JavaThread "jar transforms Thread 11" [_thread_blocked, id=20568, stack(0x0000000025b90000,0x0000000025c90000)]
  0x000000001d150000 JavaThread "jar transforms Thread 10" [_thread_blocked, id=20608, stack(0x0000000025a90000,0x0000000025b90000)]
  0x000000001d156800 JavaThread "jar transforms Thread 9" [_thread_blocked, id=25808, stack(0x0000000025990000,0x0000000025a90000)]
  0x000000001d156000 JavaThread "jar transforms Thread 8" [_thread_blocked, id=26448, stack(0x0000000025890000,0x0000000025990000)]
  0x000000001d153800 JavaThread "jar transforms Thread 7" [_thread_blocked, id=5864, stack(0x0000000025790000,0x0000000025890000)]
  0x000000001d14e800 JavaThread "jar transforms Thread 6" [_thread_blocked, id=18236, stack(0x0000000025690000,0x0000000025790000)]
  0x000000001d152000 JavaThread "jar transforms Thread 5" [_thread_blocked, id=12452, stack(0x0000000025590000,0x0000000025690000)]
  0x000000001d153000 JavaThread "jar transforms Thread 4" [_thread_blocked, id=5264, stack(0x0000000025490000,0x0000000025590000)]
  0x000000001d151800 JavaThread "jar transforms Thread 3" [_thread_blocked, id=11700, stack(0x0000000025390000,0x0000000025490000)]
  0x000000001d155000 JavaThread "jar transforms Thread 2" [_thread_blocked, id=21744, stack(0x0000000025290000,0x0000000025390000)]
  0x000000001d14f000 JavaThread "Build operations Thread 8" [_thread_blocked, id=17060, stack(0x0000000025190000,0x0000000025290000)]
  0x000000001d154800 JavaThread "Build operations Thread 7" [_thread_blocked, id=26380, stack(0x0000000025090000,0x0000000025190000)]
  0x000000001d150800 JavaThread "Build operations Thread 6" [_thread_blocked, id=1868, stack(0x0000000024f90000,0x0000000025090000)]
  0x000000001d14d800 JavaThread "Build operations Thread 5" [_thread_blocked, id=18740, stack(0x0000000024e90000,0x0000000024f90000)]
  0x000000001d14a000 JavaThread "Build operations Thread 4" [_thread_blocked, id=23116, stack(0x0000000024d90000,0x0000000024e90000)]
  0x000000001d14d000 JavaThread "Build operations Thread 3" [_thread_blocked, id=23760, stack(0x0000000024c90000,0x0000000024d90000)]
  0x000000001d149000 JavaThread "Build operations Thread 2" [_thread_blocked, id=21000, stack(0x0000000024b90000,0x0000000024c90000)]
  0x000000001d14a800 JavaThread "Build operations" [_thread_blocked, id=2680, stack(0x0000000024a90000,0x0000000024b90000)]
  0x000000001ccc3800 JavaThread "Cache worker for file content cache (C:\Users\Rohan\.gradle\caches\6.5\fileContent)" [_thread_blocked, id=12968, stack(0x00000000233c0000,0x00000000234c0000)]
  0x000000001ccc1800 JavaThread "jar transforms" [_thread_blocked, id=19432, stack(0x00000000232c0000,0x00000000233c0000)]
  0x000000001ccc8000 JavaThread "Cache worker for execution history cache (C:\Users\Rohan\.gradle\caches\6.5\executionHistory)" [_thread_blocked, id=20064, stack(0x0000000022ab0000,0x0000000022bb0000)]
  0x000000001ccc7800 JavaThread "Cache worker for cache directory md-rule (C:\Users\Rohan\.gradle\caches\6.5\md-rule)" [_thread_blocked, id=19448, stack(0x00000000229b0000,0x0000000022ab0000)]
  0x000000001ccc2000 JavaThread "Cache worker for cache directory md-supplier (C:\Users\Rohan\.gradle\caches\6.5\md-supplier)" [_thread_blocked, id=2344, stack(0x0000000021660000,0x0000000021760000)]
  0x000000001ccc3000 JavaThread "Cache worker for checksums cache (E:\Github\jose\cst8334-21w-330-team-1\.gradle\checksums)" [_thread_blocked, id=21864, stack(0x0000000021360000,0x0000000021460000)]
  0x000000001ccc6000 JavaThread "Cache worker for file hash cache (E:\Github\jose\cst8334-21w-330-team-1\.gradle\6.5\fileHashes)" [_thread_blocked, id=25728, stack(0x0000000022dc0000,0x0000000022ec0000)]
  0x000000001ccc5000 JavaThread "Cache worker for file hash cache (C:\Users\Rohan\.gradle\caches\6.5\fileHashes)" [_thread_blocked, id=12504, stack(0x000000001f0c0000,0x000000001f1c0000)]
  0x000000001ccc6800 JavaThread "File lock request listener" [_thread_in_native, id=24600, stack(0x000000001efc0000,0x000000001f0c0000)]
  0x000000001cc6a800 JavaThread "Cache worker for journal cache (C:\Users\Rohan\.gradle\caches\journal-1)" [_thread_blocked, id=11516, stack(0x000000001eec0000,0x000000001efc0000)]
  0x000000001cc1a000 JavaThread "Thread-9" [_thread_blocked, id=18536, stack(0x000000001ebc0000,0x000000001ecc0000)]
  0x000000001cbd2800 JavaThread "Stdin handler" [_thread_blocked, id=17404, stack(0x000000001eac0000,0x000000001ebc0000)]
  0x000000001cbc1800 JavaThread "Asynchronous log dispatcher for DefaultDaemonConnection: socket connection from /127.0.0.1:61173 to /127.0.0.1:61174" [_thread_blocked, id=22116, stack(0x000000001e9c0000,0x000000001eac0000)]
  0x000000001cb63800 JavaThread "Daemon worker" [_thread_in_vm, id=15656, stack(0x000000001e8c0000,0x000000001e9c0000)]
  0x000000001cbbd800 JavaThread "Cancel handler" [_thread_blocked, id=23940, stack(0x000000001e6c0000,0x000000001e7c0000)]
  0x000000001cb35800 JavaThread "Handler for socket connection from /127.0.0.1:61173 to /127.0.0.1:61174" [_thread_in_native, id=25968, stack(0x000000001e3c0000,0x000000001e4c0000)]
  0x000000001cb34800 JavaThread "Daemon" [_thread_blocked, id=23956, stack(0x000000001e2c0000,0x000000001e3c0000)]
  0x000000001cb2d800 JavaThread "Daemon periodic checks" [_thread_blocked, id=17768, stack(0x000000001e1c0000,0x000000001e2c0000)]
  0x000000001cac2000 JavaThread "Incoming local TCP Connector on port 61173" [_thread_in_native, id=4996, stack(0x000000001df80000,0x000000001e080000)]
  0x000000001c9f2800 JavaThread "Daemon health stats" [_thread_blocked, id=25840, stack(0x000000001d940000,0x000000001da40000)]
  0x000000001a161000 JavaThread "Service Thread" daemon [_thread_blocked, id=14036, stack(0x000000001ada0000,0x000000001aea0000)]
  0x000000001a0d2000 JavaThread "C1 CompilerThread3" daemon [_thread_blocked, id=4440, stack(0x000000001aca0000,0x000000001ada0000)]
  0x000000001a0ca000 JavaThread "C2 CompilerThread2" daemon [_thread_in_native, id=12992, stack(0x000000001aba0000,0x000000001aca0000)]
=>0x000000001a0c7800 JavaThread "C2 CompilerThread1" daemon [_thread_in_native, id=17272, stack(0x000000001aaa0000,0x000000001aba0000)]
  0x000000001a0c4800 JavaThread "C2 CompilerThread0" daemon [_thread_in_native, id=5644, stack(0x000000001a9a0000,0x000000001aaa0000)]
  0x000000001a0c1000 JavaThread "Attach Listener" daemon [_thread_blocked, id=8396, stack(0x000000001a8a0000,0x000000001a9a0000)]
  0x000000001a0c0000 JavaThread "Signal Dispatcher" daemon [_thread_blocked, id=24480, stack(0x000000001a7a0000,0x000000001a8a0000)]
  0x000000001a0b1800 JavaThread "Finalizer" daemon [_thread_blocked, id=15300, stack(0x000000001a590000,0x000000001a690000)]
  0x000000001a0b0800 JavaThread "Reference Handler" daemon [_thread_blocked, id=2636, stack(0x000000001a490000,0x000000001a590000)]
  0x0000000003122800 JavaThread "main" [_thread_blocked, id=14352, stack(0x0000000003020000,0x0000000003120000)]

Other Threads:
  0x00000000182b8000 VMThread [stack: 0x0000000019f90000,0x000000001a090000] [id=7520]
  0x000000001a161800 WatcherThread [stack: 0x000000001aea0000,0x000000001afa0000] [id=24876]

VM state:not at safepoint (normal execution)

VM Mutex/Monitor currently owned by a thread: None

heap address: 0x0000000080000000, size: 2048 MB, Compressed Oops mode: 32-bit
Narrow klass base: 0x0000000000000000, Narrow klass shift: 3
Compressed class space size: 1073741824 Address: 0x0000000100000000

Heap:
 PSYoungGen      total 117760K, used 84928K [0x00000000d5580000, 0x00000000dd480000, 0x0000000100000000)
  eden space 105472K, 68% used [0x00000000d5580000,0x00000000d9c771b0,0x00000000dbc80000)
  from space 12288K, 99% used [0x00000000dbc80000,0x00000000dc879130,0x00000000dc880000)
  to   space 11264K, 0% used [0x00000000dc980000,0x00000000dc980000,0x00000000dd480000)
 ParOldGen       total 95744K, used 21401K [0x0000000080000000, 0x0000000085d80000, 0x00000000d5580000)
  object space 95744K, 22% used [0x0000000080000000,0x00000000814e6578,0x0000000085d80000)
 Metaspace       used 52204K, capacity 54248K, committed 54312K, reserved 1095680K
  class space    used 6980K, capacity 7432K, committed 7464K, reserved 1048576K

Card table byte_map: [0x00000000125e0000,0x00000000129f0000] byte_map_base: 0x00000000121e0000

Marking Bits: (ParMarkBitMap*) 0x0000000069b2f030
 Begin Bits: [0x00000000134a0000, 0x00000000154a0000)
 End Bits:   [0x00000000154a0000, 0x00000000174a0000)

Polling page: 0x0000000001840000

CodeCache: size=245760Kb used=15075Kb max_used=15091Kb free=230684Kb
 bounds [0x0000000003220000, 0x00000000040f0000, 0x0000000012220000]
 total_blobs=5154 nmethods=4393 adapters=674
 compilation: enabled

Compilation events (10 events):
Event: 7.791 Thread 0x000000001a0d2000 4811       1       org.gradle.internal.reflect.MutableClassDetails::getInstanceFields (5 bytes)
Event: 7.792 Thread 0x000000001a0d2000 nmethod 4811 0x00000000040b5410 code [0x00000000040b5560, 0x00000000040b5670]
Event: 7.798 Thread 0x000000001a0d2000 4812       3       sun.reflect.annotation.AnnotationParser::parseIntArray (84 bytes)
Event: 7.799 Thread 0x000000001a0d2000 nmethod 4812 0x00000000040cf450 code [0x00000000040cf6a0, 0x00000000040d03d8]
Event: 7.801 Thread 0x000000001a0d2000 4813       3       org.gradle.internal.instantiation.generator.AsmBackedClassGenerator$ClassBuilderImpl$$Lambda$38/1768906511::add (21 bytes)
Event: 7.802 Thread 0x000000001a0d2000 nmethod 4813 0x00000000040c7e10 code [0x00000000040c7f80, 0x00000000040c8128]
Event: 7.802 Thread 0x000000001a0d2000 4814       3       org.gradle.internal.instantiation.generator.AsmBackedClassGenerator$ClassBuilderImpl::lambda$addLazyGetter$5 (131 bytes)
Event: 7.802 Thread 0x000000001a0d2000 nmethod 4814 0x00000000040cdb10 code [0x00000000040cdda0, 0x00000000040cee78]
Event: 7.802 Thread 0x000000001a0d2000 4815       3       java.lang.reflect.Executable::getDeclaredAnnotations (8 bytes)
Event: 7.802 Thread 0x000000001a0d2000 nmethod 4815 0x00000000040cd390 code [0x00000000040cd520, 0x00000000040cd988]

GC Heap History (10 events):
Event: 4.375 GC heap before
{Heap before GC invocations=7 (full 1):
 PSYoungGen      total 76288K, used 74042K [0x00000000d5580000, 0x00000000dd580000, 0x0000000100000000)
  eden space 65536K, 100% used [0x00000000d5580000,0x00000000d9580000,0x00000000d9580000)
  from space 10752K, 79% used [0x00000000d9580000,0x00000000d9dcebe0,0x00000000da000000)
  to   space 12288K, 0% used [0x00000000dc980000,0x00000000dc980000,0x00000000dd580000)
 ParOldGen       total 95744K, used 7069K [0x0000000080000000, 0x0000000085d80000, 0x00000000d5580000)
  object space 95744K, 7% used [0x0000000080000000,0x00000000806e7538,0x0000000085d80000)
 Metaspace       used 32972K, capacity 34026K, committed 34224K, reserved 1079296K
  class space    used 4495K, capacity 4783K, committed 4784K, reserved 1048576K
Event: 4.383 GC heap after
Heap after GC invocations=7 (full 1):
 PSYoungGen      total 116736K, used 9365K [0x00000000d5580000, 0x00000000dd480000, 0x0000000100000000)
  eden space 105472K, 0% used [0x00000000d5580000,0x00000000d5580000,0x00000000dbc80000)
  from space 11264K, 83% used [0x00000000dc980000,0x00000000dd2a5440,0x00000000dd480000)
  to   space 12288K, 0% used [0x00000000dbc80000,0x00000000dbc80000,0x00000000dc880000)
 ParOldGen       total 95744K, used 7077K [0x0000000080000000, 0x0000000085d80000, 0x00000000d5580000)
  object space 95744K, 7% used [0x0000000080000000,0x00000000806e9538,0x0000000085d80000)
 Metaspace       used 32972K, capacity 34026K, committed 34224K, reserved 1079296K
  class space    used 4495K, capacity 4783K, committed 4784K, reserved 1048576K
}
Event: 4.623 GC heap before
{Heap before GC invocations=8 (full 1):
 PSYoungGen      total 116736K, used 36533K [0x00000000d5580000, 0x00000000dd480000, 0x0000000100000000)
  eden space 105472K, 25% used [0x00000000d5580000,0x00000000d7008108,0x00000000dbc80000)
  from space 11264K, 83% used [0x00000000dc980000,0x00000000dd2a5440,0x00000000dd480000)
  to   space 12288K, 0% used [0x00000000dbc80000,0x00000000dbc80000,0x00000000dc880000)
 ParOldGen       total 95744K, used 7077K [0x0000000080000000, 0x0000000085d80000, 0x00000000d5580000)
  object space 95744K, 7% used [0x0000000080000000,0x00000000806e9538,0x0000000085d80000)
 Metaspace       used 34334K, capacity 35412K, committed 35496K, reserved 1079296K
  class space    used 4714K, capacity 5001K, committed 5032K, reserved 1048576K
Event: 4.635 GC heap after
Heap after GC invocations=8 (full 1):
 PSYoungGen      total 117760K, used 8218K [0x00000000d5580000, 0x00000000dd480000, 0x0000000100000000)
  eden space 105472K, 0% used [0x00000000d5580000,0x00000000d5580000,0x00000000dbc80000)
  from space 12288K, 66% used [0x00000000dbc80000,0x00000000dc486b90,0x00000000dc880000)
  to   space 11264K, 0% used [0x00000000dc980000,0x00000000dc980000,0x00000000dd480000)
 ParOldGen       total 95744K, used 7085K [0x0000000080000000, 0x0000000085d80000, 0x00000000d5580000)
  object space 95744K, 7% used [0x0000000080000000,0x00000000806eb538,0x0000000085d80000)
 Metaspace       used 34334K, capacity 35412K, committed 35496K, reserved 1079296K
  class space    used 4714K, capacity 5001K, committed 5032K, reserved 1048576K
}
Event: 4.635 GC heap before
{Heap before GC invocations=9 (full 2):
 PSYoungGen      total 117760K, used 8218K [0x00000000d5580000, 0x00000000dd480000, 0x0000000100000000)
  eden space 105472K, 0% used [0x00000000d5580000,0x00000000d5580000,0x00000000dbc80000)
  from space 12288K, 66% used [0x00000000dbc80000,0x00000000dc486b90,0x00000000dc880000)
  to   space 11264K, 0% used [0x00000000dc980000,0x00000000dc980000,0x00000000dd480000)
 ParOldGen       total 95744K, used 7085K [0x0000000080000000, 0x0000000085d80000, 0x00000000d5580000)
  object space 95744K, 7% used [0x0000000080000000,0x00000000806eb538,0x0000000085d80000)
 Metaspace       used 34334K, capacity 35412K, committed 35496K, reserved 1079296K
  class space    used 4714K, capacity 5001K, committed 5032K, reserved 1048576K
Event: 4.699 GC heap after
Heap after GC invocations=9 (full 2):
 PSYoungGen      total 117760K, used 0K [0x00000000d5580000, 0x00000000dd480000, 0x0000000100000000)
  eden space 105472K, 0% used [0x00000000d5580000,0x00000000d5580000,0x00000000dbc80000)
  from space 12288K, 0% used [0x00000000dbc80000,0x00000000dbc80000,0x00000000dc880000)
  to   space 11264K, 0% used [0x00000000dc980000,0x00000000dc980000,0x00000000dd480000)
 ParOldGen       total 95744K, used 14424K [0x0000000080000000, 0x0000000085d80000, 0x00000000d5580000)
  object space 95744K, 15% used [0x0000000080000000,0x0000000080e163f0,0x0000000085d80000)
 Metaspace       used 34334K, capacity 35412K, committed 35496K, reserved 1079296K
  class space    used 4714K, capacity 5001K, committed 5032K, reserved 1048576K
}
Event: 5.457 GC heap before
{Heap before GC invocations=10 (full 2):
 PSYoungGen      total 117760K, used 105472K [0x00000000d5580000, 0x00000000dd480000, 0x0000000100000000)
  eden space 105472K, 100% used [0x00000000d5580000,0x00000000dbc80000,0x00000000dbc80000)
  from space 12288K, 0% used [0x00000000dbc80000,0x00000000dbc80000,0x00000000dc880000)
  to   space 11264K, 0% used [0x00000000dc980000,0x00000000dc980000,0x00000000dd480000)
 ParOldGen       total 95744K, used 14424K [0x0000000080000000, 0x0000000085d80000, 0x00000000d5580000)
  object space 95744K, 15% used [0x0000000080000000,0x0000000080e163f0,0x0000000085d80000)
 Metaspace       used 37097K, capacity 38716K, committed 38824K, reserved 1083392K
  class space    used 5102K, capacity 5461K, committed 5544K, reserved 1048576K
Event: 5.464 GC heap after
Heap after GC invocations=10 (full 2):
 PSYoungGen      total 116736K, used 8090K [0x00000000d5580000, 0x00000000dd480000, 0x0000000100000000)
  eden space 105472K, 0% used [0x00000000d5580000,0x00000000d5580000,0x00000000dbc80000)
  from space 11264K, 71% used [0x00000000dc980000,0x00000000dd1669b0,0x00000000dd480000)
  to   space 12288K, 0% used [0x00000000dbc80000,0x00000000dbc80000,0x00000000dc880000)
 ParOldGen       total 95744K, used 14432K [0x0000000080000000, 0x0000000085d80000, 0x00000000d5580000)
  object space 95744K, 15% used [0x0000000080000000,0x0000000080e183f0,0x0000000085d80000)
 Metaspace       used 37097K, capacity 38716K, committed 38824K, reserved 1083392K
  class space    used 5102K, capacity 5461K, committed 5544K, reserved 1048576K
}
Event: 6.895 GC heap before
{Heap before GC invocations=11 (full 2):
 PSYoungGen      total 116736K, used 113562K [0x00000000d5580000, 0x00000000dd480000, 0x0000000100000000)
  eden space 105472K, 100% used [0x00000000d5580000,0x00000000dbc80000,0x00000000dbc80000)
  from space 11264K, 71% used [0x00000000dc980000,0x00000000dd1669b0,0x00000000dd480000)
  to   space 12288K, 0% used [0x00000000dbc80000,0x00000000dbc80000,0x00000000dc880000)
 ParOldGen       total 95744K, used 14432K [0x0000000080000000, 0x0000000085d80000, 0x00000000d5580000)
  object space 95744K, 15% used [0x0000000080000000,0x0000000080e183f0,0x0000000085d80000)
 Metaspace       used 47786K, capacity 49724K, committed 49960K, reserved 1091584K
  class space    used 6443K, capacity 6834K, committed 6952K, reserved 1048576K
Event: 6.907 GC heap after
Heap after GC invocations=11 (full 2):
 PSYoungGen      total 117760K, used 12260K [0x00000000d5580000, 0x00000000dd480000, 0x0000000100000000)
  eden space 105472K, 0% used [0x00000000d5580000,0x00000000d5580000,0x00000000dbc80000)
  from space 12288K, 99% used [0x00000000dbc80000,0x00000000dc879130,0x00000000dc880000)
  to   space 11264K, 0% used [0x00000000dc980000,0x00000000dc980000,0x00000000dd480000)
 ParOldGen       total 95744K, used 21401K [0x0000000080000000, 0x0000000085d80000, 0x00000000d5580000)
  object space 95744K, 22% used [0x0000000080000000,0x00000000814e6578,0x0000000085d80000)
 Metaspace       used 47786K, capacity 49724K, committed 49960K, reserved 1091584K
  class space    used 6443K, capacity 6834K, committed 6952K, reserved 1048576K
}

Deoptimization events (10 events):
Event: 7.253 Thread 0x000000001cb63800 Uncommon trap: reason=unstable_if action=reinterpret pc=0x0000000003d30c34 method=com.sun.org.apache.xerces.internal.impl.XMLEntityScanner.checkBeforeLoad(Lcom/sun/xml/internal/stream/Entity$ScannedEntity;II)I @ 18
Event: 7.334 Thread 0x000000001cb63800 Uncommon trap: reason=unstable_if action=reinterpret pc=0x0000000003f2cbb0 method=org.gradle.internal.instantiation.generator.AbstractClassGenerator$InjectionAnnotationValidator.validateMethod(Ljava/lang/reflect/Method;Lorg/gradle/internal/reflect/Propert
Event: 7.335 Thread 0x000000001cb63800 Uncommon trap: reason=unstable_if action=reinterpret pc=0x0000000003f65c08 method=org.gradle.internal.instantiation.generator.AbstractClassGenerator$InjectionAnnotationValidator.validateMethod(Ljava/lang/reflect/Method;Lorg/gradle/internal/reflect/Propert
Event: 7.370 Thread 0x000000001cb63800 Uncommon trap: reason=unstable_if action=reinterpret pc=0x0000000003e86f7c method=org.codehaus.groovy.runtime.metaclass.MetaMethodIndex.isNonRealMethod(Lgroovy/lang/MetaMethod;)Z @ 4
Event: 7.370 Thread 0x000000001cb63800 Uncommon trap: reason=unstable_if action=reinterpret pc=0x0000000003e77bb0 method=groovy.lang.MetaClassImpl$1MOPIter.methodNameAction(Ljava/lang/Class;Lorg/codehaus/groovy/runtime/metaclass/MetaMethodIndex$Entry;)V @ 182
Event: 7.386 Thread 0x000000001cb63800 Uncommon trap: reason=unstable_if action=reinterpret pc=0x0000000003fed2c4 method=java.lang.ClassLoader.checkCerts(Ljava/lang/String;Ljava/security/CodeSource;)V @ 29
Event: 7.386 Thread 0x000000001cb63800 Uncommon trap: reason=unstable_if action=reinterpret pc=0x0000000003fb987c method=java.lang.ClassLoader.postDefineClass(Ljava/lang/Class;Ljava/security/ProtectionDomain;)V @ 4
Event: 7.396 Thread 0x000000001cb63800 Uncommon trap: reason=class_check action=maybe_recompile pc=0x000000000395e068 method=java.util.WeakHashMap.eq(Ljava/lang/Object;Ljava/lang/Object;)Z @ 7
Event: 7.398 Thread 0x000000001cb63800 Uncommon trap: reason=class_check action=maybe_recompile pc=0x000000000395e068 method=java.util.WeakHashMap.eq(Ljava/lang/Object;Ljava/lang/Object;)Z @ 7
Event: 7.527 Thread 0x000000001cb63800 Uncommon trap: reason=null_check action=make_not_entrant pc=0x00000000039b9710 method=java.lang.Class.searchMethods([Ljava/lang/reflect/Method;Ljava/lang/String;[Ljava/lang/Class;)Ljava/lang/reflect/Method; @ 59

Classes redefined (0 events):
No events

Internal exceptions (10 events):
Event: 7.621 Thread 0x000000001cb63800 Exception <a 'java/lang/ClassNotFoundException': com/android/build/gradle/internal/dsl/TestOptions$UnitTestOptions_DecoratedBeanInfo> (0x00000000d8f50120) thrown at [C:\src\AOSP-openjdk-git\hotspot\src\share\vm\classfile\systemDictionary.cpp, line 210]
Event: 7.621 Thread 0x000000001cb63800 Exception <a 'java/lang/ClassNotFoundException': com/android/build/gradle/internal/dsl/TestOptions$UnitTestOptionsBeanInfo> (0x00000000d8f711d8) thrown at [C:\src\AOSP-openjdk-git\hotspot\src\share\vm\classfile\systemDictionary.cpp, line 210]
Event: 7.621 Thread 0x000000001cb63800 Exception <a 'java/lang/ClassNotFoundException': com/android/build/gradle/internal/dsl/TestOptions$UnitTestOptionsCustomizer> (0x00000000d8f93208) thrown at [C:\src\AOSP-openjdk-git\hotspot\src\share\vm\classfile\systemDictionary.cpp, line 210]
Event: 7.622 Thread 0x000000001cb63800 Exception <a 'java/lang/ClassNotFoundException': com/android/build/gradle/internal/dsl/TestOptions$UnitTestOptions_DecoratedCustomizer> (0x00000000d8fc2190) thrown at [C:\src\AOSP-openjdk-git\hotspot\src\share\vm\classfile\systemDictionary.cpp, line 210]
Event: 7.629 Thread 0x000000001cb63800 Exception <a 'java/lang/ClassNotFoundException': groovy/lang/GString$1BeanInfo> (0x00000000d90a55c8) thrown at [C:\src\AOSP-openjdk-git\hotspot\src\share\vm\classfile\systemDictionary.cpp, line 210]
Event: 7.630 Thread 0x000000001cb63800 Exception <a 'java/lang/ClassNotFoundException': groovy/lang/GStringBeanInfo> (0x00000000d90cd098) thrown at [C:\src\AOSP-openjdk-git\hotspot\src\share\vm\classfile\systemDictionary.cpp, line 210]
Event: 7.632 Thread 0x000000001cb63800 Exception <a 'java/lang/ClassNotFoundException': groovy/lang/GStringCustomizer> (0x00000000d90f57f8) thrown at [C:\src\AOSP-openjdk-git\hotspot\src\share\vm\classfile\systemDictionary.cpp, line 210]
Event: 7.633 Thread 0x000000001cb63800 Exception <a 'java/lang/ClassNotFoundException': groovy/lang/GString$1Customizer> (0x00000000d912a248) thrown at [C:\src\AOSP-openjdk-git\hotspot\src\share\vm\classfile\systemDictionary.cpp, line 210]
Event: 7.636 Thread 0x000000001cb63800 Exception <a 'java/lang/ClassNotFoundException': org/codehaus/groovy/runtime/GStringImplBeanInfo> (0x00000000d91e1048) thrown at [C:\src\AOSP-openjdk-git\hotspot\src\share\vm\classfile\systemDictionary.cpp, line 210]
Event: 7.637 Thread 0x000000001cb63800 Exception <a 'java/lang/ClassNotFoundException': org/codehaus/groovy/runtime/GStringImplCustomizer> (0x00000000d9215a20) thrown at [C:\src\AOSP-openjdk-git\hotspot\src\share\vm\classfile\systemDictionary.cpp, line 210]

Events (10 events):
Event: 7.815 loading class com/android/build/gradle/internal/core/VariantDslInfoImpl$versionCode$versionCodeFromFlavors$1
Event: 7.815 loading class com/android/build/gradle/internal/core/VariantDslInfoImpl$versionCode$versionCodeFromFlavors$1 done
Event: 7.815 loading class com/android/build/gradle/internal/core/VariantDslInfoImpl$versionCode$3
Event: 7.815 loading class com/android/build/gradle/internal/core/VariantDslInfoImpl$versionCode$3 done
Event: 7.816 loading class com/android/build/gradle/internal/core/VariantDslInfoImpl$versionName$versionNameFromFlavors$1
Event: 7.816 loading class com/android/build/gradle/internal/core/VariantDslInfoImpl$versionName$versionNameFromFlavors$1 done
Event: 7.817 loading class com/android/build/gradle/internal/core/VariantDslInfoImpl$versionName$3
Event: 7.817 loading class com/android/build/gradle/internal/core/VariantDslInfoImpl$versionName$3 done
Event: 7.818 loading class com/android/build/api/variant/impl/VariantOutputConfigurationImplKt
Event: 7.818 loading class com/android/build/api/variant/impl/VariantOutputConfigurationImplKt done


Dynamic libraries:
0x00007ff678940000 - 0x00007ff678971000 	C:\Program Files\Android\Android Studio\jre\bin\java.exe
0x00007ffdfe120000 - 0x00007ffdfe310000 	C:\WINDOWS\SYSTEM32\ntdll.dll
0x00007ffdfd170000 - 0x00007ffdfd222000 	C:\WINDOWS\System32\KERNEL32.DLL
0x00007ffdfbec0000 - 0x00007ffdfc165000 	C:\WINDOWS\System32\KERNELBASE.dll
0x00007ffdfdc00000 - 0x00007ffdfdca3000 	C:\WINDOWS\System32\ADVAPI32.dll
0x00007ffdfd460000 - 0x00007ffdfd4fe000 	C:\WINDOWS\System32\msvcrt.dll
0x00007ffdfe040000 - 0x00007ffdfe0d7000 	C:\WINDOWS\System32\sechost.dll
0x00007ffdfd270000 - 0x00007ffdfd38f000 	C:\WINDOWS\System32\RPCRT4.dll
0x00007ffdfd7f0000 - 0x00007ffdfd984000 	C:\WINDOWS\System32\USER32.dll
0x00007ffdfb320000 - 0x00007ffdfb341000 	C:\WINDOWS\System32\win32u.dll
0x00007ffdfd240000 - 0x00007ffdfd266000 	C:\WINDOWS\System32\GDI32.dll
0x00007ffdfb570000 - 0x00007ffdfb708000 	C:\WINDOWS\System32\gdi32full.dll
0x00007ffdfb4b0000 - 0x00007ffdfb54e000 	C:\WINDOWS\System32\msvcp_win.dll
0x00007ffdfb120000 - 0x00007ffdfb21a000 	C:\WINDOWS\System32\ucrtbase.dll
0x00007ffde9610000 - 0x00007ffde9894000 	C:\WINDOWS\WinSxS\amd64_microsoft.windows.common-controls_6595b64144ccf1df_6.0.18362.1440_none_9e7dbfb9e45e8e67\COMCTL32.dll
0x00007ffdfc230000 - 0x00007ffdfc566000 	C:\WINDOWS\System32\combase.dll
0x00007ffdfb090000 - 0x00007ffdfb111000 	C:\WINDOWS\System32\bcryptPrimitives.dll
0x00007ffdfd140000 - 0x00007ffdfd16e000 	C:\WINDOWS\System32\IMM32.DLL
0x0000000069260000 - 0x0000000069332000 	C:\Program Files\Android\Android Studio\jre\jre\bin\msvcr100.dll
0x0000000069360000 - 0x0000000069bab000 	C:\Program Files\Android\Android Studio\jre\jre\bin\server\jvm.dll
0x00007ffdfd990000 - 0x00007ffdfd998000 	C:\WINDOWS\System32\PSAPI.DLL
0x00007ffdd2000000 - 0x00007ffdd2009000 	C:\WINDOWS\SYSTEM32\WSOCK32.dll
0x00007ffdefea0000 - 0x00007ffdefeaa000 	C:\WINDOWS\SYSTEM32\VERSION.dll
0x00007ffdf7930000 - 0x00007ffdf7954000 	C:\WINDOWS\SYSTEM32\WINMM.dll
0x00007ffdfde60000 - 0x00007ffdfdecf000 	C:\WINDOWS\System32\WS2_32.dll
0x00007ffdf7900000 - 0x00007ffdf792d000 	C:\WINDOWS\SYSTEM32\WINMMBASE.dll
0x00007ffdfb2d0000 - 0x00007ffdfb31a000 	C:\WINDOWS\System32\cfgmgr32.dll
0x00007ffdf77c0000 - 0x00007ffdf77cf000 	C:\Program Files\Android\Android Studio\jre\jre\bin\verify.dll
0x00007ffdf6220000 - 0x00007ffdf6249000 	C:\Program Files\Android\Android Studio\jre\jre\bin\java.dll
0x00007ffdf6e20000 - 0x00007ffdf6e36000 	C:\Program Files\Android\Android Studio\jre\jre\bin\zip.dll
0x00007ffdfc580000 - 0x00007ffdfcc68000 	C:\WINDOWS\System32\SHELL32.dll
0x00007ffdfdb50000 - 0x00007ffdfdbf7000 	C:\WINDOWS\System32\shcore.dll
0x00007ffdfb740000 - 0x00007ffdfbebb000 	C:\WINDOWS\System32\windows.storage.dll
0x00007ffdfb070000 - 0x00007ffdfb08e000 	C:\WINDOWS\System32\profapi.dll
0x00007ffdfb000000 - 0x00007ffdfb04a000 	C:\WINDOWS\System32\powrprof.dll
0x00007ffdfafd0000 - 0x00007ffdfafe0000 	C:\WINDOWS\System32\UMPDC.dll
0x00007ffdfcc70000 - 0x00007ffdfccc2000 	C:\WINDOWS\System32\shlwapi.dll
0x00007ffdfafe0000 - 0x00007ffdfaff1000 	C:\WINDOWS\System32\kernel.appcore.dll
0x00007ffdfb550000 - 0x00007ffdfb567000 	C:\WINDOWS\System32\cryptsp.dll
0x00007ffdf6200000 - 0x00007ffdf621a000 	C:\Program Files\Android\Android Studio\jre\jre\bin\net.dll
0x00007ffdfa810000 - 0x00007ffdfa877000 	C:\WINDOWS\system32\mswsock.dll
0x00007ffdf4700000 - 0x00007ffdf4713000 	C:\Program Files\Android\Android Studio\jre\jre\bin\nio.dll
0x00007ffdf4690000 - 0x00007ffdf46b7000 	C:\Users\Rohan\.gradle\native\f6784746aeab05261644944871eae4fe03e0ef1612fff0a4a95f87b438bc6780\windows-amd64\native-platform.dll
0x00007ffdf6ff0000 - 0x00007ffdf6ffd000 	C:\Program Files\Android\Android Studio\jre\jre\bin\management.dll
0x00007ffdfa390000 - 0x00007ffdfa3c3000 	C:\WINDOWS\system32\rsaenh.dll
0x00007ffdfb710000 - 0x00007ffdfb736000 	C:\WINDOWS\System32\bcrypt.dll
0x00007ffdfaef0000 - 0x00007ffdfaf15000 	C:\WINDOWS\SYSTEM32\USERENV.dll
0x00007ffdfa9e0000 - 0x00007ffdfa9ec000 	C:\WINDOWS\SYSTEM32\CRYPTBASE.dll
0x00007ffdfa520000 - 0x00007ffdfa55a000 	C:\WINDOWS\SYSTEM32\IPHLPAPI.DLL
0x00007ffdfd230000 - 0x00007ffdfd238000 	C:\WINDOWS\System32\NSI.dll
0x00007ffdf44d0000 - 0x00007ffdf44e6000 	C:\WINDOWS\SYSTEM32\dhcpcsvc6.DLL
0x00007ffdf44b0000 - 0x00007ffdf44cc000 	C:\WINDOWS\SYSTEM32\dhcpcsvc.DLL
0x00007ffdfa560000 - 0x00007ffdfa62b000 	C:\WINDOWS\SYSTEM32\DNSAPI.dll
0x00007ffdf48b0000 - 0x00007ffdf48bb000 	C:\WINDOWS\SYSTEM32\WINNSI.DLL

VM Arguments:
jvm_args: -Xmx2048m -Dfile.encoding=UTF-8 -Duser.country=US -Duser.language=en -Duser.variant 
java_command: org.gradle.launcher.daemon.bootstrap.GradleDaemon 6.5
java_class_path (initial): C:\Users\Rohan\.gradle\wrapper\dists\gradle-6.5-all\2oz4ud9k3tuxjg84bbf55q0tn\gradle-6.5\lib\gradle-launcher-6.5.jar
Launcher Type: SUN_STANDARD

Environment Variables:
JAVA_HOME=C:\AdoptOpenJDK\jdk-11.0.8.10
USERNAME=Rohan
OS=Windows_NT
PROCESSOR_IDENTIFIER=Intel64 Family 6 Model 158 Stepping 9, GenuineIntel



---------------  S Y S T E M  ---------------

OS: Windows 10.0 , 64 bit Build 18362 (10.0.18362.1350)

CPU:total 8 (initial active 8) (4 cores per cpu, 2 threads per core) family 6 model 158 stepping 9, cmov, cx8, fxsr, mmx, sse, sse2, sse3, ssse3, sse4.1, sse4.2, popcnt, avx, avx2, aes, clmul, erms, 3dnowpref, lzcnt, ht, tsc, tscinvbit, bmi1, bmi2, adx

Memory: 4k page, physical 16658020k(5150708k free), swap 23424612k(4324k free)

vm_info: OpenJDK 64-Bit Server VM (25.242-b01) for windows-amd64 JRE (1.8.0_242-release-1644-b01), built by "builder" with MS VC++ 10.0 (VS2010)

time: Mon Mar 29 23:49:31 2021
timezone: India Standard Time
elapsed time: 7 seconds (0d 0h 0m 7s)

